{"/home/travis/build/npmtest/node-npmtest-ghost-sitemap/test.js":{"path":"/home/travis/build/npmtest/node-npmtest-ghost-sitemap/test.js","s":{"1":2,"2":2,"3":2,"4":2,"5":2,"6":2,"7":2,"8":1,"9":2,"10":2,"11":1,"12":1,"13":1,"14":1,"15":2,"16":2,"17":2,"18":2,"19":1,"20":1,"21":2,"22":2,"23":2,"24":1,"25":1,"26":1,"27":1,"28":1,"29":1,"30":1,"31":1,"32":1,"33":1,"34":1,"35":1,"36":1,"37":1,"38":1,"39":2,"40":2,"41":1,"42":2,"43":2,"44":1,"45":2,"46":2,"47":1,"48":2,"49":2,"50":1,"51":1,"52":1,"53":1,"54":1},"b":{"1":[2,1,1,1],"2":[1,1,1,1],"3":[1,1],"4":[1,1],"5":[1,1],"6":[1,1],"7":[1,1],"8":[1,1],"9":[1,1],"10":[1,1,1],"11":[1,1],"12":[1,1],"13":[1,1],"14":[1,1],"15":[1,1],"16":[1,1],"17":[1,1]},"f":{"1":2,"2":2,"3":2,"4":2,"5":2,"6":1,"7":1,"8":1,"9":2,"10":2,"11":2,"12":2,"13":1},"fnMap":{"1":{"name":"(anonymous_1)","line":12,"loc":{"start":{"line":12,"column":1},"end":{"line":12,"column":13}}},"2":{"name":"(anonymous_2)","line":19,"loc":{"start":{"line":19,"column":5},"end":{"line":19,"column":17}}},"3":{"name":"(anonymous_3)","line":23,"loc":{"start":{"line":23,"column":24},"end":{"line":23,"column":36}}},"4":{"name":"(anonymous_4)","line":61,"loc":{"start":{"line":61,"column":5},"end":{"line":61,"column":17}}},"5":{"name":"(anonymous_5)","line":82,"loc":{"start":{"line":82,"column":5},"end":{"line":82,"column":17}}},"6":{"name":"(anonymous_6)","line":91,"loc":{"start":{"line":91,"column":77},"end":{"line":94,"column":10}}},"7":{"name":"(anonymous_7)","line":112,"loc":{"start":{"line":112,"column":83},"end":{"line":115,"column":10}},"skip":true},"8":{"name":"(anonymous_8)","line":123,"loc":{"start":{"line":123,"column":77},"end":{"line":126,"column":10}},"skip":true},"9":{"name":"(anonymous_9)","line":139,"loc":{"start":{"line":139,"column":12},"end":{"line":139,"column":40}},"skip":true},"10":{"name":"(anonymous_10)","line":147,"loc":{"start":{"line":147,"column":77},"end":{"line":150,"column":10}},"skip":true},"11":{"name":"(anonymous_11)","line":158,"loc":{"start":{"line":158,"column":83},"end":{"line":161,"column":10}},"skip":true},"12":{"name":"(anonymous_12)","line":169,"loc":{"start":{"line":169,"column":79},"end":{"line":172,"column":10}},"skip":true},"13":{"name":"(anonymous_13)","line":180,"loc":{"start":{"line":180,"column":75},"end":{"line":183,"column":10}},"skip":true}},"statementMap":{"1":{"start":{"line":12,"column":0},"end":{"line":195,"column":5}},"2":{"start":{"line":14,"column":4},"end":{"line":14,"column":14}},"3":{"start":{"line":19,"column":4},"end":{"line":56,"column":9}},"4":{"start":{"line":21,"column":8},"end":{"line":21,"column":19}},"5":{"start":{"line":23,"column":8},"end":{"line":35,"column":13}},"6":{"start":{"line":24,"column":12},"end":{"line":34,"column":13}},"7":{"start":{"line":25,"column":16},"end":{"line":28,"column":30}},"8":{"start":{"line":30,"column":16},"end":{"line":33,"column":27}},"9":{"start":{"line":37,"column":8},"end":{"line":39,"column":21}},"10":{"start":{"line":40,"column":8},"end":{"line":53,"column":9}},"11":{"start":{"line":43,"column":12},"end":{"line":46,"column":14}},"12":{"start":{"line":47,"column":12},"end":{"line":47,"column":18}},"13":{"start":{"line":50,"column":12},"end":{"line":51,"column":46}},"14":{"start":{"line":52,"column":12},"end":{"line":52,"column":18}},"15":{"start":{"line":55,"column":8},"end":{"line":55,"column":35}},"16":{"start":{"line":61,"column":4},"end":{"line":63,"column":9}},"17":{"start":{"line":62,"column":8},"end":{"line":62,"column":15}},"18":{"start":{"line":64,"column":4},"end":{"line":77,"column":5}},"19":{"start":{"line":70,"column":8},"end":{"line":70,"column":14}},"20":{"start":{"line":76,"column":8},"end":{"line":76,"column":14}},"21":{"start":{"line":82,"column":4},"end":{"line":84,"column":9}},"22":{"start":{"line":83,"column":8},"end":{"line":83,"column":15}},"23":{"start":{"line":85,"column":4},"end":{"line":194,"column":5}},"24":{"start":{"line":91,"column":8},"end":{"line":99,"column":10}},"25":{"start":{"line":98,"column":12},"end":{"line":98,"column":35}},"26":{"start":{"line":102,"column":8},"end":{"line":104,"column":63}},"27":{"start":{"line":105,"column":8},"end":{"line":105,"column":14}},"28":{"start":{"line":112,"column":8},"end":{"line":121,"column":10},"skip":true},"29":{"start":{"line":119,"column":12},"end":{"line":119,"column":55},"skip":true},"30":{"start":{"line":120,"column":12},"end":{"line":120,"column":48},"skip":true},"31":{"start":{"line":123,"column":8},"end":{"line":136,"column":10},"skip":true},"32":{"start":{"line":130,"column":12},"end":{"line":130,"column":76},"skip":true},"33":{"start":{"line":131,"column":12},"end":{"line":131,"column":73},"skip":true},"34":{"start":{"line":132,"column":12},"end":{"line":132,"column":74},"skip":true},"35":{"start":{"line":133,"column":12},"end":{"line":133,"column":79},"skip":true},"36":{"start":{"line":134,"column":12},"end":{"line":134,"column":25},"skip":true},"37":{"start":{"line":135,"column":12},"end":{"line":135,"column":45},"skip":true},"38":{"start":{"line":138,"column":8},"end":{"line":145,"column":14},"skip":true},"39":{"start":{"line":143,"column":16},"end":{"line":143,"column":29},"skip":true},"40":{"start":{"line":144,"column":16},"end":{"line":144,"column":55},"skip":true},"41":{"start":{"line":147,"column":8},"end":{"line":156,"column":10},"skip":true},"42":{"start":{"line":154,"column":12},"end":{"line":154,"column":25},"skip":true},"43":{"start":{"line":155,"column":12},"end":{"line":155,"column":45},"skip":true},"44":{"start":{"line":158,"column":8},"end":{"line":167,"column":10},"skip":true},"45":{"start":{"line":165,"column":12},"end":{"line":165,"column":25},"skip":true},"46":{"start":{"line":166,"column":12},"end":{"line":166,"column":48},"skip":true},"47":{"start":{"line":169,"column":8},"end":{"line":178,"column":10},"skip":true},"48":{"start":{"line":176,"column":12},"end":{"line":176,"column":25},"skip":true},"49":{"start":{"line":177,"column":12},"end":{"line":177,"column":46},"skip":true},"50":{"start":{"line":180,"column":8},"end":{"line":189,"column":10},"skip":true},"51":{"start":{"line":187,"column":12},"end":{"line":187,"column":94},"skip":true},"52":{"start":{"line":188,"column":12},"end":{"line":188,"column":48},"skip":true},"53":{"start":{"line":192,"column":8},"end":{"line":192,"column":35},"skip":true},"54":{"start":{"line":193,"column":8},"end":{"line":193,"column":14},"skip":true}},"branchMap":{"1":{"line":25,"type":"binary-expr","locations":[{"start":{"line":25,"column":23},"end":{"line":25,"column":62}},{"start":{"line":26,"column":20},"end":{"line":26,"column":70}},{"start":{"line":27,"column":20},"end":{"line":27,"column":71}},{"start":{"line":28,"column":20},"end":{"line":28,"column":29}}]},"2":{"line":30,"type":"binary-expr","locations":[{"start":{"line":30,"column":23},"end":{"line":30,"column":37}},{"start":{"line":31,"column":20},"end":{"line":31,"column":61}},{"start":{"line":32,"column":20},"end":{"line":32,"column":70}},{"start":{"line":33,"column":20},"end":{"line":33,"column":26}}]},"3":{"line":37,"type":"cond-expr","locations":[{"start":{"line":38,"column":14},"end":{"line":38,"column":20}},{"start":{"line":39,"column":14},"end":{"line":39,"column":20}}]},"4":{"line":40,"type":"switch","locations":[{"start":{"line":42,"column":8},"end":{"line":47,"column":18}},{"start":{"line":49,"column":8},"end":{"line":52,"column":18}}]},"5":{"line":44,"type":"binary-expr","locations":[{"start":{"line":44,"column":16},"end":{"line":44,"column":44}},{"start":{"line":44,"column":48},"end":{"line":44,"column":66}}]},"6":{"line":50,"type":"binary-expr","locations":[{"start":{"line":50,"column":21},"end":{"line":50,"column":49}},{"start":{"line":50,"column":53},"end":{"line":50,"column":72}}]},"7":{"line":64,"type":"switch","locations":[{"start":{"line":69,"column":4},"end":{"line":70,"column":14}},{"start":{"line":75,"column":4},"end":{"line":76,"column":14}}]},"8":{"line":85,"type":"switch","locations":[{"start":{"line":90,"column":4},"end":{"line":105,"column":14}},{"start":{"line":111,"column":4},"end":{"line":193,"column":14},"skip":true}]},"9":{"line":91,"type":"binary-expr","locations":[{"start":{"line":91,"column":42},"end":{"line":91,"column":73}},{"start":{"line":91,"column":77},"end":{"line":99,"column":9}}]},"10":{"line":102,"type":"binary-expr","locations":[{"start":{"line":102,"column":18},"end":{"line":102,"column":32}},{"start":{"line":103,"column":12},"end":{"line":103,"column":53}},{"start":{"line":104,"column":12},"end":{"line":104,"column":61}}]},"11":{"line":112,"type":"binary-expr","locations":[{"start":{"line":112,"column":45},"end":{"line":112,"column":79},"skip":true},{"start":{"line":112,"column":83},"end":{"line":121,"column":9},"skip":true}]},"12":{"line":123,"type":"binary-expr","locations":[{"start":{"line":123,"column":42},"end":{"line":123,"column":73},"skip":true},{"start":{"line":123,"column":77},"end":{"line":136,"column":9},"skip":true}]},"13":{"line":138,"type":"binary-expr","locations":[{"start":{"line":138,"column":48},"end":{"line":138,"column":85},"skip":true},{"start":{"line":139,"column":12},"end":{"line":145,"column":13},"skip":true}]},"14":{"line":147,"type":"binary-expr","locations":[{"start":{"line":147,"column":42},"end":{"line":147,"column":73},"skip":true},{"start":{"line":147,"column":77},"end":{"line":156,"column":9},"skip":true}]},"15":{"line":158,"type":"binary-expr","locations":[{"start":{"line":158,"column":45},"end":{"line":158,"column":79},"skip":true},{"start":{"line":158,"column":83},"end":{"line":167,"column":9},"skip":true}]},"16":{"line":169,"type":"binary-expr","locations":[{"start":{"line":169,"column":43},"end":{"line":169,"column":75},"skip":true},{"start":{"line":169,"column":79},"end":{"line":178,"column":9},"skip":true}]},"17":{"line":180,"type":"binary-expr","locations":[{"start":{"line":180,"column":41},"end":{"line":180,"column":71},"skip":true},{"start":{"line":180,"column":75},"end":{"line":189,"column":9},"skip":true}]}},"code":["/* istanbul instrument in package npmtest_ghost_sitemap */","/*jslint","    bitwise: true,","    browser: true,","    maxerr: 8,","    maxlen: 96,","    node: true,","    nomen: true,","    regexp: true,","    stupid: true","*/","(function () {","    'use strict';","    var local;","","","","    // run shared js-env code - pre-init","    (function () {","        // init local","        local = {};","        // init modeJs","        local.modeJs = (function () {","            try {","                return typeof navigator.userAgent === 'string' &&","                    typeof document.querySelector('body') === 'object' &&","                    typeof XMLHttpRequest.prototype.open === 'function' &&","                    'browser';","            } catch (errorCaughtBrowser) {","                return module.exports &&","                    typeof process.versions.node === 'string' &&","                    typeof require('http').createServer === 'function' &&","                    'node';","            }","        }());","        // init global","        local.global = local.modeJs === 'browser'","            ? window","            : global;","        switch (local.modeJs) {","        // re-init local from window.local","        case 'browser':","            local = local.global.utility2.objectSetDefault(","                local.global.utility2_rollup || local.global.local,","                local.global.utility2","            );","            break;","        // re-init local from example.js","        case 'node':","            local = (local.global.utility2_rollup || require('utility2'))","                .requireExampleJsFromReadme();","            break;","        }","        // export local","        local.global.local = local;","    }());","","","","    // run shared js-env code - function","    (function () {","        return;","    }());","    switch (local.modeJs) {","","","","    // run browser js-env code - function","    case 'browser':","        break;","","","","    // run node js-env code - function","    case 'node':","        break;","    }","","","","    // run shared js-env code - post-init","    (function () {","        return;","    }());","    switch (local.modeJs) {","","","","    // run browser js-env code - post-init","    case 'browser':","        local.testCase_browser_nullCase = local.testCase_browser_nullCase || function (","            options,","            onError","        ) {","        /*","         * this function will test browsers's null-case handling-behavior-behavior","         */","            onError(null, options);","        };","","        // run tests","        local.nop(local.modeTest &&","            document.querySelector('#testRunButton1') &&","            document.querySelector('#testRunButton1').click());","        break;","","","","    // run node js-env code - post-init","    /* istanbul ignore next */","    case 'node':","        local.testCase_buildApidoc_default = local.testCase_buildApidoc_default || function (","            options,","            onError","        ) {","        /*","         * this function will test buildApidoc's default handling-behavior-behavior","         */","            options = { modulePathList: module.paths };","            local.buildApidoc(options, onError);","        };","","        local.testCase_buildApp_default = local.testCase_buildApp_default || function (","            options,","            onError","        ) {","        /*","         * this function will test buildApp's default handling-behavior-behavior","         */","            local.testCase_buildReadme_default(options, local.onErrorThrow);","            local.testCase_buildLib_default(options, local.onErrorThrow);","            local.testCase_buildTest_default(options, local.onErrorThrow);","            local.testCase_buildCustomOrg_default(options, local.onErrorThrow);","            options = [];","            local.buildApp(options, onError);","        };","","        local.testCase_buildCustomOrg_default = local.testCase_buildCustomOrg_default ||","            function (options, onError) {","            /*","             * this function will test buildCustomOrg's default handling-behavior","             */","                options = {};","                local.buildCustomOrg(options, onError);","            };","","        local.testCase_buildLib_default = local.testCase_buildLib_default || function (","            options,","            onError","        ) {","        /*","         * this function will test buildLib's default handling-behavior","         */","            options = {};","            local.buildLib(options, onError);","        };","","        local.testCase_buildReadme_default = local.testCase_buildReadme_default || function (","            options,","            onError","        ) {","        /*","         * this function will test buildReadme's default handling-behavior-behavior","         */","            options = {};","            local.buildReadme(options, onError);","        };","","        local.testCase_buildTest_default = local.testCase_buildTest_default || function (","            options,","            onError","        ) {","        /*","         * this function will test buildTest's default handling-behavior","         */","            options = {};","            local.buildTest(options, onError);","        };","","        local.testCase_webpage_default = local.testCase_webpage_default || function (","            options,","            onError","        ) {","        /*","         * this function will test webpage's default handling-behavior","         */","            options = { modeCoverageMerge: true, url: local.serverLocalHost + '?modeTest=1' };","            local.browserTest(options, onError);","        };","","        // run test-server","        local.testRunServer(local);","        break;","    }","}());",""],"l":{"12":2,"14":2,"19":2,"21":2,"23":2,"24":2,"25":2,"30":1,"37":2,"40":2,"43":1,"47":1,"50":1,"52":1,"55":2,"61":2,"62":2,"64":2,"70":1,"76":1,"82":2,"83":2,"85":2,"91":1,"98":1,"102":1,"105":1,"112":1,"119":1,"120":1,"123":1,"130":1,"131":1,"132":1,"133":1,"134":1,"135":1,"138":1,"143":2,"144":2,"147":1,"154":2,"155":2,"158":1,"165":2,"166":2,"169":1,"176":2,"177":2,"180":1,"187":1,"188":1,"192":1,"193":1}},"/home/travis/build/npmtest/node-npmtest-ghost-sitemap/lib.npmtest_ghost_sitemap.js":{"path":"/home/travis/build/npmtest/node-npmtest-ghost-sitemap/lib.npmtest_ghost_sitemap.js","s":{"1":2,"2":2,"3":2,"4":2,"5":2,"6":2,"7":2,"8":1,"9":2,"10":2,"11":2,"12":2,"13":1,"14":1,"15":1,"16":1},"b":{"1":[2,1,1,1],"2":[1,1,1,1],"3":[1,1],"4":[2,2],"5":[1,1]},"f":{"1":2,"2":2,"3":2},"fnMap":{"1":{"name":"(anonymous_1)","line":12,"loc":{"start":{"line":12,"column":1},"end":{"line":12,"column":13}}},"2":{"name":"(anonymous_2)","line":19,"loc":{"start":{"line":19,"column":5},"end":{"line":19,"column":17}}},"3":{"name":"(anonymous_3)","line":23,"loc":{"start":{"line":23,"column":24},"end":{"line":23,"column":36}}}},"statementMap":{"1":{"start":{"line":12,"column":0},"end":{"line":53,"column":5}},"2":{"start":{"line":14,"column":4},"end":{"line":14,"column":14}},"3":{"start":{"line":19,"column":4},"end":{"line":52,"column":9}},"4":{"start":{"line":21,"column":8},"end":{"line":21,"column":19}},"5":{"start":{"line":23,"column":8},"end":{"line":35,"column":13}},"6":{"start":{"line":24,"column":12},"end":{"line":34,"column":13}},"7":{"start":{"line":25,"column":16},"end":{"line":28,"column":30}},"8":{"start":{"line":30,"column":16},"end":{"line":33,"column":27}},"9":{"start":{"line":37,"column":8},"end":{"line":39,"column":21}},"10":{"start":{"line":41,"column":8},"end":{"line":41,"column":54}},"11":{"start":{"line":43,"column":8},"end":{"line":43,"column":58}},"12":{"start":{"line":45,"column":8},"end":{"line":51,"column":9}},"13":{"start":{"line":46,"column":12},"end":{"line":46,"column":64}},"14":{"start":{"line":48,"column":12},"end":{"line":48,"column":35}},"15":{"start":{"line":49,"column":12},"end":{"line":49,"column":49}},"16":{"start":{"line":50,"column":12},"end":{"line":50,"column":43}}},"branchMap":{"1":{"line":25,"type":"binary-expr","locations":[{"start":{"line":25,"column":23},"end":{"line":25,"column":62}},{"start":{"line":26,"column":20},"end":{"line":26,"column":70}},{"start":{"line":27,"column":20},"end":{"line":27,"column":71}},{"start":{"line":28,"column":20},"end":{"line":28,"column":29}}]},"2":{"line":30,"type":"binary-expr","locations":[{"start":{"line":30,"column":23},"end":{"line":30,"column":37}},{"start":{"line":31,"column":20},"end":{"line":31,"column":61}},{"start":{"line":32,"column":20},"end":{"line":32,"column":70}},{"start":{"line":33,"column":20},"end":{"line":33,"column":26}}]},"3":{"line":37,"type":"cond-expr","locations":[{"start":{"line":38,"column":14},"end":{"line":38,"column":20}},{"start":{"line":39,"column":14},"end":{"line":39,"column":20}}]},"4":{"line":41,"type":"binary-expr","locations":[{"start":{"line":41,"column":16},"end":{"line":41,"column":44}},{"start":{"line":41,"column":48},"end":{"line":41,"column":53}}]},"5":{"line":45,"type":"if","locations":[{"start":{"line":45,"column":8},"end":{"line":45,"column":8}},{"start":{"line":45,"column":8},"end":{"line":45,"column":8}}]}},"code":["/* istanbul instrument in package npmtest_ghost_sitemap */","/*jslint","    bitwise: true,","    browser: true,","    maxerr: 8,","    maxlen: 96,","    node: true,","    nomen: true,","    regexp: true,","    stupid: true","*/","(function () {","    'use strict';","    var local;","","","","    // run shared js-env code - pre-init","    (function () {","        // init local","        local = {};","        // init modeJs","        local.modeJs = (function () {","            try {","                return typeof navigator.userAgent === 'string' &&","                    typeof document.querySelector('body') === 'object' &&","                    typeof XMLHttpRequest.prototype.open === 'function' &&","                    'browser';","            } catch (errorCaughtBrowser) {","                return module.exports &&","                    typeof process.versions.node === 'string' &&","                    typeof require('http').createServer === 'function' &&","                    'node';","            }","        }());","        // init global","        local.global = local.modeJs === 'browser'","            ? window","            : global;","        // init utility2_rollup","        local = local.global.utility2_rollup || local;","        // init lib","        local.local = local.npmtest_ghost_sitemap = local;","        // init exports","        if (local.modeJs === 'browser') {","            local.global.utility2_npmtest_ghost_sitemap = local;","        } else {","            module.exports = local;","            module.exports.__dirname = __dirname;","            module.exports.module = module;","        }","    }());","}());",""],"l":{"12":2,"14":2,"19":2,"21":2,"23":2,"24":2,"25":2,"30":1,"37":2,"41":2,"43":2,"45":2,"46":1,"48":1,"49":1,"50":1}},"/home/travis/build/npmtest/node-npmtest-ghost-sitemap/example.js":{"path":"/home/travis/build/npmtest/node-npmtest-ghost-sitemap/example.js","s":{"1":2,"2":2,"3":2,"4":2,"5":2,"6":2,"7":2,"8":1,"9":2,"10":2,"11":2,"12":2,"13":1,"14":2,"15":2,"16":2,"17":2,"18":2,"19":0,"20":2,"21":1,"22":1,"23":1,"24":1,"25":1,"26":0,"27":0,"28":1,"29":1,"30":2,"31":0,"32":0,"33":0,"34":1,"35":2,"36":2,"37":3,"38":3,"39":3,"40":3,"41":0,"42":3,"43":3,"44":3,"45":1,"46":3,"47":1,"48":1,"49":1,"50":1,"51":1,"52":1,"53":1,"54":1,"55":1,"56":1,"57":0,"58":1,"59":6,"60":6,"61":1,"62":2,"63":0,"64":2,"65":1,"66":1,"67":0,"68":0,"69":0,"70":0,"71":0,"72":0,"73":0,"74":0,"75":0,"76":0,"77":0,"78":0,"79":0,"80":0,"81":0,"82":0,"83":0},"b":{"1":[2,1,1,1],"2":[1,1,1,1],"3":[1,1],"4":[2,2],"5":[1,1],"6":[1,1],"7":[2,0],"8":[2,1,1,1,1,1],"9":[0,2,0],"10":[1,1],"11":[2,1,1],"12":[1,0],"13":[0,2],"14":[2,0,0,0,0,0,0],"15":[0,3],"16":[3,0],"17":[1,1],"18":[0,1],"19":[1,2,0,2],"20":[1,0],"21":[1,1],"22":[0,0],"23":[0,0],"24":[0,0],"25":[0,0],"26":[0,0],"27":[0,0],"28":[0,0]},"f":{"1":2,"2":2,"3":2,"4":2,"5":2,"6":2,"7":3,"8":3,"9":3,"10":1,"11":6,"12":0},"fnMap":{"1":{"name":"(anonymous_1)","line":26,"loc":{"start":{"line":26,"column":1},"end":{"line":26,"column":13}}},"2":{"name":"(anonymous_2)","line":33,"loc":{"start":{"line":33,"column":5},"end":{"line":33,"column":17}}},"3":{"name":"(anonymous_3)","line":37,"loc":{"start":{"line":37,"column":24},"end":{"line":37,"column":36}}},"4":{"name":"(anonymous_4)","line":69,"loc":{"start":{"line":69,"column":31},"end":{"line":69,"column":48}},"skip":true},"5":{"name":"(anonymous_5)","line":78,"loc":{"start":{"line":78,"column":26},"end":{"line":78,"column":45}},"skip":true},"6":{"name":"(anonymous_6)","line":123,"loc":{"start":{"line":123,"column":33},"end":{"line":123,"column":48}},"skip":true},"7":{"name":"(anonymous_7)","line":125,"loc":{"start":{"line":125,"column":27},"end":{"line":125,"column":39}},"skip":true},"8":{"name":"(anonymous_8)","line":133,"loc":{"start":{"line":133,"column":59},"end":{"line":133,"column":74}},"skip":true},"9":{"name":"(anonymous_9)","line":143,"loc":{"start":{"line":143,"column":45},"end":{"line":143,"column":62}},"skip":true},"10":{"name":"(anonymous_10)","line":144,"loc":{"start":{"line":144,"column":73},"end":{"line":144,"column":92}},"skip":true},"11":{"name":"(anonymous_11)","line":272,"loc":{"start":{"line":272,"column":51},"end":{"line":272,"column":77}},"skip":true},"12":{"name":"(anonymous_12)","line":315,"loc":{"start":{"line":315,"column":32},"end":{"line":315,"column":61}},"skip":true}},"statementMap":{"1":{"start":{"line":26,"column":0},"end":{"line":326,"column":5}},"2":{"start":{"line":28,"column":4},"end":{"line":28,"column":14}},"3":{"start":{"line":33,"column":4},"end":{"line":60,"column":9}},"4":{"start":{"line":35,"column":8},"end":{"line":35,"column":19}},"5":{"start":{"line":37,"column":8},"end":{"line":49,"column":13}},"6":{"start":{"line":38,"column":12},"end":{"line":48,"column":13}},"7":{"start":{"line":39,"column":16},"end":{"line":42,"column":30}},"8":{"start":{"line":44,"column":16},"end":{"line":47,"column":27}},"9":{"start":{"line":51,"column":8},"end":{"line":53,"column":21}},"10":{"start":{"line":55,"column":8},"end":{"line":57,"column":45}},"11":{"start":{"line":59,"column":8},"end":{"line":59,"column":35}},"12":{"start":{"line":61,"column":4},"end":{"line":325,"column":5}},"13":{"start":{"line":69,"column":8},"end":{"line":121,"column":10},"skip":true},"14":{"start":{"line":70,"column":12},"end":{"line":88,"column":13},"skip":true},"15":{"start":{"line":76,"column":16},"end":{"line":87,"column":19},"skip":true},"16":{"start":{"line":79,"column":20},"end":{"line":86,"column":21},"skip":true},"17":{"start":{"line":82,"column":24},"end":{"line":82,"column":43},"skip":true},"18":{"start":{"line":83,"column":24},"end":{"line":83,"column":30},"skip":true},"19":{"start":{"line":85,"column":24},"end":{"line":85,"column":49},"skip":true},"20":{"start":{"line":89,"column":12},"end":{"line":107,"column":13},"skip":true},"21":{"start":{"line":92,"column":16},"end":{"line":102,"column":17},"skip":true},"22":{"start":{"line":93,"column":20},"end":{"line":93,"column":86},"skip":true},"23":{"start":{"line":94,"column":20},"end":{"line":95,"column":45},"skip":true},"24":{"start":{"line":96,"column":20},"end":{"line":96,"column":42},"skip":true},"25":{"start":{"line":97,"column":20},"end":{"line":97,"column":48},"skip":true},"26":{"start":{"line":100,"column":20},"end":{"line":100,"column":85},"skip":true},"27":{"start":{"line":101,"column":20},"end":{"line":101,"column":96},"skip":true},"28":{"start":{"line":103,"column":16},"end":{"line":103,"column":22},"skip":true},"29":{"start":{"line":106,"column":16},"end":{"line":106,"column":22},"skip":true},"30":{"start":{"line":108,"column":12},"end":{"line":120,"column":13},"skip":true},"31":{"start":{"line":114,"column":16},"end":{"line":119,"column":17},"skip":true},"32":{"start":{"line":116,"column":20},"end":{"line":116,"column":78},"skip":true},"33":{"start":{"line":118,"column":20},"end":{"line":118,"column":47},"skip":true},"34":{"start":{"line":123,"column":8},"end":{"line":141,"column":11},"skip":true},"35":{"start":{"line":124,"column":12},"end":{"line":124,"column":54},"skip":true},"36":{"start":{"line":125,"column":12},"end":{"line":140,"column":14},"skip":true},"37":{"start":{"line":126,"column":16},"end":{"line":126,"column":28},"skip":true},"38":{"start":{"line":127,"column":16},"end":{"line":127,"column":69},"skip":true},"39":{"start":{"line":128,"column":16},"end":{"line":128,"column":75},"skip":true},"40":{"start":{"line":129,"column":16},"end":{"line":131,"column":17},"skip":true},"41":{"start":{"line":130,"column":20},"end":{"line":130,"column":27},"skip":true},"42":{"start":{"line":133,"column":16},"end":{"line":137,"column":36},"skip":true},"43":{"start":{"line":134,"column":20},"end":{"line":136,"column":55},"skip":true},"44":{"start":{"line":139,"column":16},"end":{"line":139,"column":57},"skip":true},"45":{"start":{"line":143,"column":8},"end":{"line":147,"column":11},"skip":true},"46":{"start":{"line":144,"column":12},"end":{"line":146,"column":15},"skip":true},"47":{"start":{"line":145,"column":16},"end":{"line":145,"column":70},"skip":true},"48":{"start":{"line":149,"column":8},"end":{"line":149,"column":31},"skip":true},"49":{"start":{"line":150,"column":8},"end":{"line":150,"column":14},"skip":true},"50":{"start":{"line":158,"column":8},"end":{"line":158,"column":31},"skip":true},"51":{"start":{"line":160,"column":8},"end":{"line":160,"column":33},"skip":true},"52":{"start":{"line":161,"column":8},"end":{"line":161,"column":37},"skip":true},"53":{"start":{"line":162,"column":8},"end":{"line":162,"column":35},"skip":true},"54":{"start":{"line":164,"column":8},"end":{"line":164,"column":50},"skip":true},"55":{"start":{"line":166,"column":8},"end":{"line":256,"column":2},"skip":true},"56":{"start":{"line":258,"column":8},"end":{"line":286,"column":9},"skip":true},"57":{"start":{"line":259,"column":12},"end":{"line":269,"column":14},"skip":true},"58":{"start":{"line":271,"column":12},"end":{"line":285,"column":19},"skip":true},"59":{"start":{"line":274,"column":20},"end":{"line":274,"column":35},"skip":true},"60":{"start":{"line":275,"column":20},"end":{"line":284,"column":21},"skip":true},"61":{"start":{"line":277,"column":24},"end":{"line":277,"column":64},"skip":true},"62":{"start":{"line":279,"column":24},"end":{"line":279,"column":40},"skip":true},"63":{"start":{"line":281,"column":24},"end":{"line":281,"column":40},"skip":true},"64":{"start":{"line":283,"column":24},"end":{"line":283,"column":39},"skip":true},"65":{"start":{"line":288,"column":8},"end":{"line":290,"column":9},"skip":true},"66":{"start":{"line":289,"column":12},"end":{"line":289,"column":18},"skip":true},"67":{"start":{"line":291,"column":8},"end":{"line":293,"column":54},"skip":true},"68":{"start":{"line":296,"column":8},"end":{"line":301,"column":37},"skip":true},"69":{"start":{"line":303,"column":8},"end":{"line":303,"column":82},"skip":true},"70":{"start":{"line":306,"column":8},"end":{"line":308,"column":9},"skip":true},"71":{"start":{"line":307,"column":12},"end":{"line":307,"column":82},"skip":true},"72":{"start":{"line":310,"column":8},"end":{"line":312,"column":9},"skip":true},"73":{"start":{"line":311,"column":12},"end":{"line":311,"column":18},"skip":true},"74":{"start":{"line":313,"column":8},"end":{"line":313,"column":54},"skip":true},"75":{"start":{"line":314,"column":8},"end":{"line":314,"column":69},"skip":true},"76":{"start":{"line":315,"column":8},"end":{"line":323,"column":36},"skip":true},"77":{"start":{"line":316,"column":12},"end":{"line":316,"column":61},"skip":true},"78":{"start":{"line":317,"column":12},"end":{"line":320,"column":13},"skip":true},"79":{"start":{"line":318,"column":16},"end":{"line":318,"column":75},"skip":true},"80":{"start":{"line":319,"column":16},"end":{"line":319,"column":23},"skip":true},"81":{"start":{"line":321,"column":12},"end":{"line":321,"column":38},"skip":true},"82":{"start":{"line":322,"column":12},"end":{"line":322,"column":27},"skip":true},"83":{"start":{"line":324,"column":8},"end":{"line":324,"column":14},"skip":true}},"branchMap":{"1":{"line":39,"type":"binary-expr","locations":[{"start":{"line":39,"column":23},"end":{"line":39,"column":62}},{"start":{"line":40,"column":20},"end":{"line":40,"column":70}},{"start":{"line":41,"column":20},"end":{"line":41,"column":71}},{"start":{"line":42,"column":20},"end":{"line":42,"column":29}}]},"2":{"line":44,"type":"binary-expr","locations":[{"start":{"line":44,"column":23},"end":{"line":44,"column":37}},{"start":{"line":45,"column":20},"end":{"line":45,"column":61}},{"start":{"line":46,"column":20},"end":{"line":46,"column":70}},{"start":{"line":47,"column":20},"end":{"line":47,"column":26}}]},"3":{"line":51,"type":"cond-expr","locations":[{"start":{"line":52,"column":14},"end":{"line":52,"column":20}},{"start":{"line":53,"column":14},"end":{"line":53,"column":20}}]},"4":{"line":55,"type":"binary-expr","locations":[{"start":{"line":55,"column":16},"end":{"line":55,"column":44}},{"start":{"line":55,"column":49},"end":{"line":57,"column":43}}]},"5":{"line":55,"type":"cond-expr","locations":[{"start":{"line":56,"column":14},"end":{"line":56,"column":57}},{"start":{"line":57,"column":14},"end":{"line":57,"column":43}}]},"6":{"line":61,"type":"switch","locations":[{"start":{"line":68,"column":4},"end":{"line":150,"column":14},"skip":true},{"start":{"line":156,"column":4},"end":{"line":324,"column":14},"skip":true}]},"7":{"line":70,"type":"if","locations":[{"start":{"line":70,"column":12},"end":{"line":70,"column":12},"skip":true},{"start":{"line":70,"column":12},"end":{"line":70,"column":12},"skip":true}]},"8":{"line":70,"type":"binary-expr","locations":[{"start":{"line":70,"column":16},"end":{"line":70,"column":22},"skip":true},{"start":{"line":70,"column":27},"end":{"line":70,"column":32},"skip":true},{"start":{"line":71,"column":20},"end":{"line":71,"column":39},"skip":true},{"start":{"line":72,"column":20},"end":{"line":72,"column":49},"skip":true},{"start":{"line":73,"column":20},"end":{"line":73,"column":58},"skip":true},{"start":{"line":74,"column":20},"end":{"line":74,"column":69},"skip":true}]},"9":{"line":79,"type":"switch","locations":[{"start":{"line":80,"column":20},"end":{"line":80,"column":33},"skip":true},{"start":{"line":81,"column":20},"end":{"line":83,"column":30},"skip":true},{"start":{"line":84,"column":20},"end":{"line":85,"column":49},"skip":true}]},"10":{"line":89,"type":"switch","locations":[{"start":{"line":90,"column":12},"end":{"line":103,"column":22},"skip":true},{"start":{"line":105,"column":12},"end":{"line":106,"column":22},"skip":true}]},"11":{"line":89,"type":"binary-expr","locations":[{"start":{"line":89,"column":20},"end":{"line":89,"column":25},"skip":true},{"start":{"line":89,"column":29},"end":{"line":89,"column":48},"skip":true},{"start":{"line":89,"column":52},"end":{"line":89,"column":74},"skip":true}]},"12":{"line":92,"type":"if","locations":[{"start":{"line":92,"column":16},"end":{"line":92,"column":16},"skip":true},{"start":{"line":92,"column":16},"end":{"line":92,"column":16},"skip":true}]},"13":{"line":108,"type":"if","locations":[{"start":{"line":108,"column":12},"end":{"line":108,"column":12},"skip":true},{"start":{"line":108,"column":12},"end":{"line":108,"column":12},"skip":true}]},"14":{"line":108,"type":"binary-expr","locations":[{"start":{"line":108,"column":16},"end":{"line":108,"column":61},"skip":true},{"start":{"line":108,"column":66},"end":{"line":108,"column":72},"skip":true},{"start":{"line":108,"column":77},"end":{"line":108,"column":82},"skip":true},{"start":{"line":109,"column":20},"end":{"line":109,"column":39},"skip":true},{"start":{"line":110,"column":20},"end":{"line":110,"column":49},"skip":true},{"start":{"line":111,"column":20},"end":{"line":111,"column":58},"skip":true},{"start":{"line":112,"column":20},"end":{"line":112,"column":68},"skip":true}]},"15":{"line":129,"type":"if","locations":[{"start":{"line":129,"column":16},"end":{"line":129,"column":16},"skip":true},{"start":{"line":129,"column":16},"end":{"line":129,"column":16},"skip":true}]},"16":{"line":134,"type":"cond-expr","locations":[{"start":{"line":135,"column":26},"end":{"line":135,"column":29},"skip":true},{"start":{"line":136,"column":26},"end":{"line":136,"column":54},"skip":true}]},"17":{"line":164,"type":"binary-expr","locations":[{"start":{"line":164,"column":27},"end":{"line":164,"column":43},"skip":true},{"start":{"line":164,"column":47},"end":{"line":164,"column":49},"skip":true}]},"18":{"line":258,"type":"if","locations":[{"start":{"line":258,"column":8},"end":{"line":258,"column":8},"skip":true},{"start":{"line":258,"column":8},"end":{"line":258,"column":8},"skip":true}]},"19":{"line":275,"type":"switch","locations":[{"start":{"line":276,"column":20},"end":{"line":277,"column":64},"skip":true},{"start":{"line":278,"column":20},"end":{"line":279,"column":40},"skip":true},{"start":{"line":280,"column":20},"end":{"line":281,"column":40},"skip":true},{"start":{"line":282,"column":20},"end":{"line":283,"column":39},"skip":true}]},"20":{"line":288,"type":"if","locations":[{"start":{"line":288,"column":8},"end":{"line":288,"column":8},"skip":true},{"start":{"line":288,"column":8},"end":{"line":288,"column":8},"skip":true}]},"21":{"line":288,"type":"binary-expr","locations":[{"start":{"line":288,"column":12},"end":{"line":288,"column":40},"skip":true},{"start":{"line":288,"column":44},"end":{"line":288,"column":67},"skip":true}]},"22":{"line":292,"type":"binary-expr","locations":[{"start":{"line":292,"column":12},"end":{"line":292,"column":50},"skip":true},{"start":{"line":293,"column":12},"end":{"line":293,"column":53},"skip":true}]},"23":{"line":297,"type":"binary-expr","locations":[{"start":{"line":297,"column":12},"end":{"line":297,"column":71},"skip":true},{"start":{"line":298,"column":12},"end":{"line":301,"column":36},"skip":true}]},"24":{"line":303,"type":"binary-expr","locations":[{"start":{"line":303,"column":43},"end":{"line":303,"column":75},"skip":true},{"start":{"line":303,"column":79},"end":{"line":303,"column":81},"skip":true}]},"25":{"line":306,"type":"if","locations":[{"start":{"line":306,"column":8},"end":{"line":306,"column":8},"skip":true},{"start":{"line":306,"column":8},"end":{"line":306,"column":8},"skip":true}]},"26":{"line":310,"type":"if","locations":[{"start":{"line":310,"column":8},"end":{"line":310,"column":8},"skip":true},{"start":{"line":310,"column":8},"end":{"line":310,"column":8},"skip":true}]},"27":{"line":313,"type":"binary-expr","locations":[{"start":{"line":313,"column":27},"end":{"line":313,"column":43},"skip":true},{"start":{"line":313,"column":47},"end":{"line":313,"column":53},"skip":true}]},"28":{"line":317,"type":"if","locations":[{"start":{"line":317,"column":12},"end":{"line":317,"column":12},"skip":true},{"start":{"line":317,"column":12},"end":{"line":317,"column":12},"skip":true}]}},"code":["/*","example.js","","quickstart example","","instruction","    1. save this script as example.js","    2. run the shell command:","        $ npm install npmtest-ghost-sitemap && PORT=8081 node example.js","    3. play with the browser-demo on http://127.0.0.1:8081","*/","","","","/* istanbul instrument in package npmtest_ghost_sitemap */","/*jslint","    bitwise: true,","    browser: true,","    maxerr: 8,","    maxlen: 96,","    node: true,","    nomen: true,","    regexp: true,","    stupid: true","*/","(function () {","    'use strict';","    var local;","","","","    // run shared js-env code - pre-init","    (function () {","        // init local","        local = {};","        // init modeJs","        local.modeJs = (function () {","            try {","                return typeof navigator.userAgent === 'string' &&","                    typeof document.querySelector('body') === 'object' &&","                    typeof XMLHttpRequest.prototype.open === 'function' &&","                    'browser';","            } catch (errorCaughtBrowser) {","                return module.exports &&","                    typeof process.versions.node === 'string' &&","                    typeof require('http').createServer === 'function' &&","                    'node';","            }","        }());","        // init global","        local.global = local.modeJs === 'browser'","            ? window","            : global;","        // init utility2_rollup","        local = local.global.utility2_rollup || (local.modeJs === 'browser'","            ? local.global.utility2_npmtest_ghost_sitemap","            : global.utility2_moduleExports);","        // export local","        local.global.local = local;","    }());","    switch (local.modeJs) {","","","","    // post-init","    // run browser js-env code - post-init","    /* istanbul ignore next */","    case 'browser':","        local.testRunBrowser = function (event) {","            if (!event || (event &&","                    event.currentTarget &&","                    event.currentTarget.className &&","                    event.currentTarget.className.includes &&","                    event.currentTarget.className.includes('onreset'))) {","                // reset output","                Array.from(","                    document.querySelectorAll('body > .resettable')","                ).forEach(function (element) {","                    switch (element.tagName) {","                    case 'INPUT':","                    case 'TEXTAREA':","                        element.value = '';","                        break;","                    default:","                        element.textContent = '';","                    }","                });","            }","            switch (event && event.currentTarget && event.currentTarget.id) {","            case 'testRunButton1':","                // show tests","                if (document.querySelector('#testReportDiv1').style.display === 'none') {","                    document.querySelector('#testReportDiv1').style.display = 'block';","                    document.querySelector('#testRunButton1').textContent =","                        'hide internal test';","                    local.modeTest = true;","                    local.testRunDefault(local);","                // hide tests","                } else {","                    document.querySelector('#testReportDiv1').style.display = 'none';","                    document.querySelector('#testRunButton1').textContent = 'run internal test';","                }","                break;","            // custom-case","            default:","                break;","            }","            if (document.querySelector('#inputTextareaEval1') && (!event || (event &&","                    event.currentTarget &&","                    event.currentTarget.className &&","                    event.currentTarget.className.includes &&","                    event.currentTarget.className.includes('oneval')))) {","                // try to eval input-code","                try {","                    /*jslint evil: true*/","                    eval(document.querySelector('#inputTextareaEval1').value);","                } catch (errorCaught) {","                    console.error(errorCaught);","                }","            }","        };","        // log stderr and stdout to #outputTextareaStdout1","        ['error', 'log'].forEach(function (key) {","            console[key + '_original'] = console[key];","            console[key] = function () {","                var element;","                console[key + '_original'].apply(console, arguments);","                element = document.querySelector('#outputTextareaStdout1');","                if (!element) {","                    return;","                }","                // append text to #outputTextareaStdout1","                element.value += Array.from(arguments).map(function (arg) {","                    return typeof arg === 'string'","                        ? arg","                        : JSON.stringify(arg, null, 4);","                }).join(' ') + '\\n';","                // scroll textarea to bottom","                element.scrollTop = element.scrollHeight;","            };","        });","        // init event-handling","        ['change', 'click', 'keyup'].forEach(function (event) {","            Array.from(document.querySelectorAll('.on' + event)).forEach(function (element) {","                element.addEventListener(event, local.testRunBrowser);","            });","        });","        // run tests","        local.testRunBrowser();","        break;","","","","    // run node js-env code - post-init","    /* istanbul ignore next */","    case 'node':","        // export local","        module.exports = local;","        // require modules","        local.fs = require('fs');","        local.http = require('http');","        local.url = require('url');","        // init assets","        local.assetsDict = local.assetsDict || {};","        /* jslint-ignore-begin */","        local.assetsDict['/assets.index.template.html'] = '\\","<!doctype html>\\n\\","<html lang=\"en\">\\n\\","<head>\\n\\","<meta charset=\"UTF-8\">\\n\\","<meta name=\"viewport\" content=\"width=device-width, initial-scale=1\">\\n\\","<title>{{env.npm_package_name}} (v{{env.npm_package_version}})</title>\\n\\","<style>\\n\\","/*csslint\\n\\","    box-sizing: false,\\n\\","    universal-selector: false\\n\\","*/\\n\\","* {\\n\\","    box-sizing: border-box;\\n\\","}\\n\\","body {\\n\\","    background: #dde;\\n\\","    font-family: Arial, Helvetica, sans-serif;\\n\\","    margin: 2rem;\\n\\","}\\n\\","body > * {\\n\\","    margin-bottom: 1rem;\\n\\","}\\n\\",".utility2FooterDiv {\\n\\","    margin-top: 20px;\\n\\","    text-align: center;\\n\\","}\\n\\","</style>\\n\\","<style>\\n\\","/*csslint\\n\\","*/\\n\\","textarea {\\n\\","    font-family: monospace;\\n\\","    height: 10rem;\\n\\","    width: 100%;\\n\\","}\\n\\","textarea[readonly] {\\n\\","    background: #ddd;\\n\\","}\\n\\","</style>\\n\\","</head>\\n\\","<body>\\n\\","<!-- utility2-comment\\n\\","<div id=\"ajaxProgressDiv1\" style=\"background: #d00; height: 2px; left: 0; margin: 0; padding: 0; position: fixed; top: 0; transition: background 0.5s, width 1.5s; width: 25%;\"></div>\\n\\","utility2-comment -->\\n\\","<h1>\\n\\","<!-- utility2-comment\\n\\","    <a\\n\\","        {{#if env.npm_package_homepage}}\\n\\","        href=\"{{env.npm_package_homepage}}\"\\n\\","        {{/if env.npm_package_homepage}}\\n\\","        target=\"_blank\"\\n\\","    >\\n\\","utility2-comment -->\\n\\","        {{env.npm_package_name}} (v{{env.npm_package_version}})\\n\\","<!-- utility2-comment\\n\\","    </a>\\n\\","utility2-comment -->\\n\\","</h1>\\n\\","<h3>{{env.npm_package_description}}</h3>\\n\\","<!-- utility2-comment\\n\\","<h4><a download href=\"assets.app.js\">download standalone app</a></h4>\\n\\","<button class=\"onclick onreset\" id=\"testRunButton1\">run internal test</button><br>\\n\\","<div id=\"testReportDiv1\" style=\"display: none;\"></div>\\n\\","utility2-comment -->\\n\\","\\n\\","\\n\\","\\n\\","<label>stderr and stdout</label>\\n\\","<textarea class=\"resettable\" id=\"outputTextareaStdout1\" readonly></textarea>\\n\\","<!-- utility2-comment\\n\\","{{#if isRollup}}\\n\\","<script src=\"assets.app.js\"></script>\\n\\","{{#unless isRollup}}\\n\\","utility2-comment -->\\n\\","<script src=\"assets.utility2.rollup.js\"></script>\\n\\","<script src=\"jsonp.utility2._stateInit?callback=window.utility2._stateInit\"></script>\\n\\","<script src=\"assets.npmtest_ghost_sitemap.rollup.js\"></script>\\n\\","<script src=\"assets.example.js\"></script>\\n\\","<script src=\"assets.test.js\"></script>\\n\\","<!-- utility2-comment\\n\\","{{/if isRollup}}\\n\\","utility2-comment -->\\n\\","<div class=\"utility2FooterDiv\">\\n\\","    [ this app was created with\\n\\","    <a href=\"https://github.com/kaizhu256/node-utility2\" target=\"_blank\">utility2</a>\\n\\","    ]\\n\\","</div>\\n\\","</body>\\n\\","</html>\\n\\","';","        /* jslint-ignore-end */","        if (local.templateRender) {","            local.assetsDict['/'] = local.templateRender(","                local.assetsDict['/assets.index.template.html'],","                {","                    env: local.objectSetDefault(local.env, {","                        npm_package_description: 'the greatest app in the world!',","                        npm_package_name: 'my-app',","                        npm_package_nameAlias: 'my_app',","                        npm_package_version: '0.0.1'","                    })","                }","            );","        } else {","            local.assetsDict['/'] = local.assetsDict['/assets.index.template.html']","                .replace((/\\{\\{env\\.(\\w+?)\\}\\}/g), function (match0, match1) {","                    // jslint-hack","                    String(match0);","                    switch (match1) {","                    case 'npm_package_description':","                        return 'the greatest app in the world!';","                    case 'npm_package_name':","                        return 'my-app';","                    case 'npm_package_nameAlias':","                        return 'my_app';","                    case 'npm_package_version':","                        return '0.0.1';","                    }","                });","        }","        // run the cli","        if (local.global.utility2_rollup || module !== require.main) {","            break;","        }","        local.assetsDict['/assets.example.js'] =","            local.assetsDict['/assets.example.js'] ||","            local.fs.readFileSync(__filename, 'utf8');","        // bug-workaround - long $npm_package_buildCustomOrg","        /* jslint-ignore-begin */","        local.assetsDict['/assets.npmtest_ghost_sitemap.rollup.js'] =","            local.assetsDict['/assets.npmtest_ghost_sitemap.rollup.js'] ||","            local.fs.readFileSync(","                local.npmtest_ghost_sitemap.__dirname + '/lib.npmtest_ghost_sitemap.js',","                'utf8'","            ).replace((/^#!/), '//');","        /* jslint-ignore-end */","        local.assetsDict['/favicon.ico'] = local.assetsDict['/favicon.ico'] || '';","        // if $npm_config_timeout_exit exists,","        // then exit this process after $npm_config_timeout_exit ms","        if (Number(process.env.npm_config_timeout_exit)) {","            setTimeout(process.exit, Number(process.env.npm_config_timeout_exit));","        }","        // start server","        if (local.global.utility2_serverHttp1) {","            break;","        }","        process.env.PORT = process.env.PORT || '8081';","        console.error('server starting on port ' + process.env.PORT);","        local.http.createServer(function (request, response) {","            request.urlParsed = local.url.parse(request.url);","            if (local.assetsDict[request.urlParsed.pathname] !== undefined) {","                response.end(local.assetsDict[request.urlParsed.pathname]);","                return;","            }","            response.statusCode = 404;","            response.end();","        }).listen(process.env.PORT);","        break;","    }","}());",""],"l":{"26":2,"28":2,"33":2,"35":2,"37":2,"38":2,"39":2,"44":1,"51":2,"55":2,"59":2,"61":2,"69":1,"70":2,"76":2,"79":2,"82":2,"83":2,"85":1,"89":2,"92":1,"93":1,"94":1,"96":1,"97":1,"100":1,"101":1,"103":1,"106":1,"108":2,"114":1,"116":1,"118":1,"123":1,"124":2,"125":2,"126":3,"127":3,"128":3,"129":3,"130":1,"133":3,"134":3,"139":3,"143":1,"144":3,"145":1,"149":1,"150":1,"158":1,"160":1,"161":1,"162":1,"164":1,"166":1,"258":1,"259":1,"271":1,"274":6,"275":6,"277":1,"279":2,"281":1,"283":2,"288":1,"289":1,"291":1,"296":1,"303":1,"306":1,"307":1,"310":1,"311":1,"313":1,"314":1,"315":1,"316":1,"317":1,"318":1,"319":1,"321":1,"322":1,"324":1}},"/home/travis/build/npmtest/node-npmtest-ghost-sitemap/node_modules/ghost-sitemap/index.js":{"path":"/home/travis/build/npmtest/node-npmtest-ghost-sitemap/node_modules/ghost-sitemap/index.js","s":{"1":1,"2":1,"3":1,"4":1,"5":1,"6":1,"7":1,"8":1,"9":1,"10":1,"11":1,"12":1,"13":1,"14":1,"15":1,"16":1,"17":1,"18":1,"19":1,"20":1,"21":0,"22":0,"23":0,"24":0,"25":0,"26":0,"27":0,"28":0,"29":0,"30":0,"31":0,"32":0,"33":1,"34":0,"35":0,"36":0,"37":0,"38":0,"39":0,"40":0,"41":0,"42":0,"43":0,"44":0,"45":0,"46":0,"47":0,"48":0,"49":0,"50":0,"51":0,"52":0,"53":0,"54":0,"55":0,"56":0,"57":0,"58":0,"59":0,"60":0,"61":0,"62":0,"63":0,"64":0,"65":0,"66":0,"67":0,"68":0,"69":0,"70":0,"71":0,"72":0,"73":0,"74":0,"75":0,"76":0,"77":0,"78":0,"79":0,"80":1,"81":0,"82":0,"83":0,"84":0,"85":0,"86":0,"87":0,"88":0,"89":0,"90":0,"91":0,"92":1,"93":0,"94":1,"95":1,"96":1,"97":1,"98":0,"99":0,"100":0,"101":0,"102":0,"103":0,"104":0,"105":0,"106":0,"107":0},"b":{"1":[0,0],"2":[0,0],"3":[0,0],"4":[0,0],"5":[0,0],"6":[0,0],"7":[0,0],"8":[0,0],"9":[0,0],"10":[0,0],"11":[0,1],"12":[1,0],"13":[0,0],"14":[0,0],"15":[0,0]},"f":{"1":0,"2":0,"3":0,"4":0,"5":0,"6":0,"7":0,"8":0,"9":0,"10":0,"11":0,"12":0,"13":0,"14":0,"15":0,"16":0,"17":0,"18":0,"19":0,"20":0,"21":0,"22":0,"23":0,"24":0,"25":1,"26":0},"fnMap":{"1":{"name":"(anonymous_1)","line":41,"loc":{"start":{"line":41,"column":7},"end":{"line":41,"column":18}}},"2":{"name":"(anonymous_2)","line":42,"loc":{"start":{"line":42,"column":37},"end":{"line":42,"column":56}}},"3":{"name":"(anonymous_3)","line":65,"loc":{"start":{"line":65,"column":79},"end":{"line":65,"column":93}}},"4":{"name":"(anonymous_4)","line":78,"loc":{"start":{"line":78,"column":11},"end":{"line":78,"column":37}}},"5":{"name":"(anonymous_5)","line":79,"loc":{"start":{"line":79,"column":37},"end":{"line":79,"column":60}}},"6":{"name":"(anonymous_6)","line":86,"loc":{"start":{"line":86,"column":10},"end":{"line":86,"column":30}}},"7":{"name":"(anonymous_7)","line":88,"loc":{"start":{"line":88,"column":10},"end":{"line":88,"column":26}}},"8":{"name":"(anonymous_8)","line":102,"loc":{"start":{"line":102,"column":10},"end":{"line":102,"column":29}}},"9":{"name":"(anonymous_9)","line":110,"loc":{"start":{"line":110,"column":10},"end":{"line":110,"column":21}}},"10":{"name":"(anonymous_10)","line":118,"loc":{"start":{"line":118,"column":10},"end":{"line":118,"column":25}}},"11":{"name":"(anonymous_11)","line":132,"loc":{"start":{"line":132,"column":10},"end":{"line":132,"column":28}}},"12":{"name":"(anonymous_12)","line":140,"loc":{"start":{"line":140,"column":10},"end":{"line":140,"column":21}}},"13":{"name":"(anonymous_13)","line":148,"loc":{"start":{"line":148,"column":10},"end":{"line":148,"column":26}}},"14":{"name":"(anonymous_14)","line":162,"loc":{"start":{"line":162,"column":10},"end":{"line":162,"column":29}}},"15":{"name":"(anonymous_15)","line":170,"loc":{"start":{"line":170,"column":10},"end":{"line":170,"column":21}}},"16":{"name":"(anonymous_16)","line":173,"loc":{"start":{"line":173,"column":10},"end":{"line":173,"column":24}}},"17":{"name":"(anonymous_17)","line":175,"loc":{"start":{"line":175,"column":10},"end":{"line":175,"column":21}}},"18":{"name":"(anonymous_18)","line":177,"loc":{"start":{"line":177,"column":14},"end":{"line":177,"column":30}}},"19":{"name":"(anonymous_19)","line":180,"loc":{"start":{"line":180,"column":10},"end":{"line":180,"column":21}}},"20":{"name":"(anonymous_20)","line":185,"loc":{"start":{"line":185,"column":7},"end":{"line":185,"column":42}}},"21":{"name":"(anonymous_21)","line":186,"loc":{"start":{"line":186,"column":44},"end":{"line":186,"column":67}}},"22":{"name":"(anonymous_22)","line":193,"loc":{"start":{"line":193,"column":10},"end":{"line":193,"column":28}}},"23":{"name":"(anonymous_23)","line":194,"loc":{"start":{"line":194,"column":26},"end":{"line":194,"column":40}}},"24":{"name":"(anonymous_24)","line":208,"loc":{"start":{"line":208,"column":14},"end":{"line":208,"column":30}}},"25":{"name":"(anonymous_25)","line":217,"loc":{"start":{"line":217,"column":34},"end":{"line":217,"column":53}}},"26":{"name":"(anonymous_26)","line":233,"loc":{"start":{"line":233,"column":31},"end":{"line":233,"column":44}}}},"statementMap":{"1":{"start":{"line":3,"column":0},"end":{"line":3,"column":135}},"2":{"start":{"line":5,"column":0},"end":{"line":5,"column":35}},"3":{"start":{"line":7,"column":0},"end":{"line":7,"column":31}},"4":{"start":{"line":9,"column":0},"end":{"line":9,"column":25}},"5":{"start":{"line":11,"column":0},"end":{"line":11,"column":33}},"6":{"start":{"line":13,"column":0},"end":{"line":13,"column":27}},"7":{"start":{"line":15,"column":0},"end":{"line":15,"column":19}},"8":{"start":{"line":17,"column":0},"end":{"line":17,"column":33}},"9":{"start":{"line":19,"column":0},"end":{"line":19,"column":22}},"10":{"start":{"line":21,"column":0},"end":{"line":21,"column":27}},"11":{"start":{"line":23,"column":0},"end":{"line":23,"column":25}},"12":{"start":{"line":25,"column":0},"end":{"line":25,"column":29}},"13":{"start":{"line":27,"column":0},"end":{"line":27,"column":36}},"14":{"start":{"line":29,"column":0},"end":{"line":29,"column":17}},"15":{"start":{"line":31,"column":0},"end":{"line":31,"column":39}},"16":{"start":{"line":33,"column":0},"end":{"line":33,"column":92}},"17":{"start":{"line":35,"column":0},"end":{"line":35,"column":59}},"18":{"start":{"line":37,"column":0},"end":{"line":37,"column":90}},"19":{"start":{"line":39,"column":0},"end":{"line":39,"column":23}},"20":{"start":{"line":41,"column":0},"end":{"line":76,"column":2}},"21":{"start":{"line":42,"column":2},"end":{"line":75,"column":5}},"22":{"start":{"line":43,"column":4},"end":{"line":43,"column":13}},"23":{"start":{"line":44,"column":4},"end":{"line":74,"column":5}},"24":{"start":{"line":45,"column":6},"end":{"line":45,"column":74}},"25":{"start":{"line":46,"column":6},"end":{"line":46,"column":22}},"26":{"start":{"line":48,"column":6},"end":{"line":64,"column":8}},"27":{"start":{"line":65,"column":6},"end":{"line":73,"column":9}},"28":{"start":{"line":66,"column":8},"end":{"line":72,"column":9}},"29":{"start":{"line":67,"column":10},"end":{"line":67,"column":75}},"30":{"start":{"line":68,"column":10},"end":{"line":68,"column":33}},"31":{"start":{"line":70,"column":10},"end":{"line":70,"column":75}},"32":{"start":{"line":71,"column":10},"end":{"line":71,"column":60}},"33":{"start":{"line":78,"column":0},"end":{"line":183,"column":2}},"34":{"start":{"line":79,"column":2},"end":{"line":182,"column":5}},"35":{"start":{"line":80,"column":4},"end":{"line":80,"column":44}},"36":{"start":{"line":81,"column":4},"end":{"line":81,"column":44}},"37":{"start":{"line":82,"column":4},"end":{"line":84,"column":9}},"38":{"start":{"line":85,"column":4},"end":{"line":85,"column":38}},"39":{"start":{"line":87,"column":4},"end":{"line":87,"column":43}},"40":{"start":{"line":89,"column":4},"end":{"line":89,"column":15}},"41":{"start":{"line":90,"column":4},"end":{"line":90,"column":27}},"42":{"start":{"line":91,"column":4},"end":{"line":100,"column":5}},"43":{"start":{"line":92,"column":6},"end":{"line":95,"column":11}},"44":{"start":{"line":97,"column":6},"end":{"line":99,"column":11}},"45":{"start":{"line":101,"column":4},"end":{"line":101,"column":51}},"46":{"start":{"line":103,"column":4},"end":{"line":108,"column":5}},"47":{"start":{"line":104,"column":6},"end":{"line":107,"column":11}},"48":{"start":{"line":109,"column":4},"end":{"line":109,"column":57}},"49":{"start":{"line":111,"column":4},"end":{"line":113,"column":9}},"50":{"start":{"line":114,"column":4},"end":{"line":116,"column":9}},"51":{"start":{"line":117,"column":4},"end":{"line":117,"column":33}},"52":{"start":{"line":119,"column":4},"end":{"line":119,"column":15}},"53":{"start":{"line":120,"column":4},"end":{"line":120,"column":26}},"54":{"start":{"line":121,"column":4},"end":{"line":130,"column":5}},"55":{"start":{"line":122,"column":6},"end":{"line":125,"column":11}},"56":{"start":{"line":127,"column":6},"end":{"line":129,"column":11}},"57":{"start":{"line":131,"column":4},"end":{"line":131,"column":56}},"58":{"start":{"line":133,"column":4},"end":{"line":138,"column":5}},"59":{"start":{"line":134,"column":6},"end":{"line":137,"column":11}},"60":{"start":{"line":139,"column":4},"end":{"line":139,"column":55}},"61":{"start":{"line":141,"column":4},"end":{"line":143,"column":9}},"62":{"start":{"line":144,"column":4},"end":{"line":146,"column":9}},"63":{"start":{"line":147,"column":4},"end":{"line":147,"column":34}},"64":{"start":{"line":149,"column":4},"end":{"line":149,"column":15}},"65":{"start":{"line":150,"column":4},"end":{"line":150,"column":27}},"66":{"start":{"line":151,"column":4},"end":{"line":160,"column":5}},"67":{"start":{"line":152,"column":6},"end":{"line":155,"column":11}},"68":{"start":{"line":157,"column":6},"end":{"line":159,"column":11}},"69":{"start":{"line":161,"column":4},"end":{"line":161,"column":51}},"70":{"start":{"line":163,"column":4},"end":{"line":168,"column":5}},"71":{"start":{"line":164,"column":6},"end":{"line":167,"column":11}},"72":{"start":{"line":169,"column":4},"end":{"line":169,"column":57}},"73":{"start":{"line":171,"column":4},"end":{"line":171,"column":48}},"74":{"start":{"line":172,"column":4},"end":{"line":172,"column":38}},"75":{"start":{"line":174,"column":4},"end":{"line":174,"column":53}},"76":{"start":{"line":176,"column":4},"end":{"line":176,"column":75}},"77":{"start":{"line":178,"column":4},"end":{"line":178,"column":53}},"78":{"start":{"line":179,"column":4},"end":{"line":179,"column":27}},"79":{"start":{"line":181,"column":4},"end":{"line":181,"column":27}},"80":{"start":{"line":185,"column":0},"end":{"line":212,"column":2}},"81":{"start":{"line":186,"column":2},"end":{"line":211,"column":5}},"82":{"start":{"line":187,"column":4},"end":{"line":187,"column":18}},"83":{"start":{"line":188,"column":4},"end":{"line":190,"column":9}},"84":{"start":{"line":191,"column":4},"end":{"line":191,"column":39}},"85":{"start":{"line":192,"column":4},"end":{"line":192,"column":41}},"86":{"start":{"line":194,"column":4},"end":{"line":207,"column":7}},"87":{"start":{"line":195,"column":6},"end":{"line":206,"column":7}},"88":{"start":{"line":196,"column":8},"end":{"line":199,"column":13}},"89":{"start":{"line":201,"column":8},"end":{"line":205,"column":13}},"90":{"start":{"line":209,"column":4},"end":{"line":209,"column":53}},"91":{"start":{"line":210,"column":4},"end":{"line":210,"column":27}},"92":{"start":{"line":214,"column":0},"end":{"line":239,"column":1}},"93":{"start":{"line":215,"column":2},"end":{"line":215,"column":9}},"94":{"start":{"line":217,"column":2},"end":{"line":238,"column":5}},"95":{"start":{"line":218,"column":4},"end":{"line":218,"column":33}},"96":{"start":{"line":219,"column":4},"end":{"line":237,"column":5}},"97":{"start":{"line":220,"column":6},"end":{"line":220,"column":75}},"98":{"start":{"line":222,"column":6},"end":{"line":222,"column":34}},"99":{"start":{"line":223,"column":6},"end":{"line":223,"column":39}},"100":{"start":{"line":224,"column":6},"end":{"line":226,"column":7}},"101":{"start":{"line":225,"column":8},"end":{"line":225,"column":34}},"102":{"start":{"line":227,"column":6},"end":{"line":236,"column":7}},"103":{"start":{"line":228,"column":8},"end":{"line":232,"column":9}},"104":{"start":{"line":229,"column":10},"end":{"line":229,"column":39}},"105":{"start":{"line":231,"column":10},"end":{"line":231,"column":45}},"106":{"start":{"line":233,"column":8},"end":{"line":235,"column":11}},"107":{"start":{"line":234,"column":10},"end":{"line":234,"column":43}}},"branchMap":{"1":{"line":44,"type":"if","locations":[{"start":{"line":44,"column":4},"end":{"line":44,"column":4}},{"start":{"line":44,"column":4},"end":{"line":44,"column":4}}]},"2":{"line":50,"type":"binary-expr","locations":[{"start":{"line":50,"column":13},"end":{"line":50,"column":37}},{"start":{"line":50,"column":41},"end":{"line":50,"column":54}}]},"3":{"line":66,"type":"if","locations":[{"start":{"line":66,"column":8},"end":{"line":66,"column":8}},{"start":{"line":66,"column":8},"end":{"line":66,"column":8}}]},"4":{"line":91,"type":"if","locations":[{"start":{"line":91,"column":4},"end":{"line":91,"column":4}},{"start":{"line":91,"column":4},"end":{"line":91,"column":4}}]},"5":{"line":103,"type":"if","locations":[{"start":{"line":103,"column":4},"end":{"line":103,"column":4}},{"start":{"line":103,"column":4},"end":{"line":103,"column":4}}]},"6":{"line":121,"type":"if","locations":[{"start":{"line":121,"column":4},"end":{"line":121,"column":4}},{"start":{"line":121,"column":4},"end":{"line":121,"column":4}}]},"7":{"line":133,"type":"if","locations":[{"start":{"line":133,"column":4},"end":{"line":133,"column":4}},{"start":{"line":133,"column":4},"end":{"line":133,"column":4}}]},"8":{"line":151,"type":"if","locations":[{"start":{"line":151,"column":4},"end":{"line":151,"column":4}},{"start":{"line":151,"column":4},"end":{"line":151,"column":4}}]},"9":{"line":163,"type":"if","locations":[{"start":{"line":163,"column":4},"end":{"line":163,"column":4}},{"start":{"line":163,"column":4},"end":{"line":163,"column":4}}]},"10":{"line":195,"type":"if","locations":[{"start":{"line":195,"column":6},"end":{"line":195,"column":6}},{"start":{"line":195,"column":6},"end":{"line":195,"column":6}}]},"11":{"line":214,"type":"if","locations":[{"start":{"line":214,"column":0},"end":{"line":214,"column":0}},{"start":{"line":214,"column":0},"end":{"line":214,"column":0}}]},"12":{"line":219,"type":"if","locations":[{"start":{"line":219,"column":4},"end":{"line":219,"column":4}},{"start":{"line":219,"column":4},"end":{"line":219,"column":4}}]},"13":{"line":224,"type":"if","locations":[{"start":{"line":224,"column":6},"end":{"line":224,"column":6}},{"start":{"line":224,"column":6},"end":{"line":224,"column":6}}]},"14":{"line":227,"type":"if","locations":[{"start":{"line":227,"column":6},"end":{"line":227,"column":6}},{"start":{"line":227,"column":6},"end":{"line":227,"column":6}}]},"15":{"line":228,"type":"if","locations":[{"start":{"line":228,"column":8},"end":{"line":228,"column":8}},{"start":{"line":228,"column":8},"end":{"line":228,"column":8}}]}},"code":["//#!/usr/bin/env node","","var Ghost, Ping, SiteMap, colors, commands, fs, generate, init, initSiteMap, jf, logSymbols, messages, mkdirp, nut, ping, pluralize, _;","","SiteMap = require('./lib/sitemap');","","Ghost = require('./lib/ghost');","","jf = require('jsonfile');","","messages = require('./messages');","","colors = require('colors');","","fs = require('fs');","","pluralize = require('pluralize');","","_ = require('lodash');","","mkdirp = require('mkdirp');","","nut = require('nut-cli');","","Ping = require('./lib/ping');","","logSymbols = require('log-symbols');","","initSiteMap = '';","","nut.bootCommand('ghostSiteMapBuilder');","","nut.addCommand('init', false, 'Initiate a new sitemap builder inside ghost root directory');","","nut.addCommand('generate', false, 'Generate new sitemaps');","","nut.addCommand('ping', '[searchEngine:String]', 'Ping google and bing about your update');","","commands = nut.parse();","","init = function() {","  return jf.readFile('package.json', function(err, obj) {","    var data;","    if (err) {","      console.log(colors.red(logSymbols.error, messages.not_inside_root));","      process.exit(1);","    } else {","      data = {","        ghost_config_path: './config.js',","        env: process.env.ENV_VARIABLE || 'development',","        output_dir: 'sitemap',","        posts: {","          frequency: 'hourly',","          priority: '0.1'","        },","        pages: {","          frequency: 'monthly',","          priority: '0.1'","        },","        tags: {","          frequency: 'daily',","          priority: '0.3'","        }","      };","      return fs.writeFile('./sitemapfile.json', JSON.stringify(data, null, 4), function(err) {","        if (err) {","          console.log(colors.red(logSymbols.error, messages.not_writable));","          return process.exit(1);","        } else {","          console.log(colors.green(logSymbols.success, messages.writable));","          return console.log(JSON.stringify(data, null, 4));","        }","      });","    }","  });","};","","generate = function(initGhostConfig) {","  initGhostConfig.ghostToMine().then(function(configration) {","    console.log(colors.cyan(messages.init));","    initSiteMap = new SiteMap(configration);","    console.log(colors.cyan(_.template(messages.fetching, {","      type: 'posts'","    })));","    return initSiteMap.getPermalink();","  }).then(function(permalink) {","    return initSiteMap.getPosts(permalink);","  }).then(function(posts) {","    var counts;","    counts = _.size(posts);","    if (counts > 0) {","      console.log(colors.green(logSymbols.success, _.template(messages.fetched, {","        counts: counts,","        type: pluralize('post', counts)","      })));","    } else {","      console.log(colors.blue(logSymbols.info, _.template(messages.not_found, {","        type: 'posts'","      })));","    }","    return initSiteMap.objectToXML(posts, 'posts');","  }).then(function(postsXml) {","    if (postsXml !== \"bypass\") {","      console.log(colors.cyan(_.template(messages.writing, {","        type: 'posts',","        file: 'gposts.xml'","      })));","    }","    return initSiteMap.xmlToFile(postsXml, 'gposts.xml');","  }).then(function() {","    console.log(colors.green(logSymbols.success, _.template(messages.written, {","      file: 'gposts.xml'","    })));","    console.log(colors.cyan(_.template(messages.fetching, {","      type: 'tags'","    })));","    return initSiteMap.getTags();","  }).then(function(tags) {","    var counts;","    counts = _.size(tags);","    if (counts > 0) {","      console.log(colors.green(logSymbols.success, _.template(messages.fetched, {","        counts: counts,","        type: pluralize('tag', counts)","      })));","    } else {","      console.log(colors.blue(logSymbols.info, _.template(messages.not_found, {","        type: 'tags'","      })));","    }","    return initSiteMap.objectToXML(tags, 'tags', 'tag');","  }).then(function(tagsXml) {","    if (tagsXml !== \"bypass\") {","      console.log(colors.cyan(_.template(messages.writing, {","        type: 'tags',","        file: 'gtags.xml'","      })));","    }","    return initSiteMap.xmlToFile(tagsXml, 'gtags.xml');","  }).then(function() {","    console.log(colors.green(logSymbols.success, _.template(messages.written, {","      file: 'gtags.xml'","    })));","    console.log(colors.cyan(_.template(messages.fetching, {","      type: 'pages'","    })));","    return initSiteMap.getPages();","  }).then(function(pages) {","    var counts;","    counts = _.size(pages);","    if (counts > 0) {","      console.log(colors.green(logSymbols.success, _.template(messages.fetched, {","        counts: counts,","        type: pluralize('page', counts)","      })));","    } else {","      console.log(colors.blue(logSymbols.info, _.template(messages.not_found, {","        type: 'pages'","      })));","    }","    return initSiteMap.objectToXML(pages, 'pages');","  }).then(function(pagesXml) {","    if (pagesXml !== \"bypass\") {","      console.log(colors.cyan(_.template(messages.writing, {","        type: 'pages',","        file: 'gpages.xml'","      })));","    }","    return initSiteMap.xmlToFile(pagesXml, 'gpages.xml');","  }).then(function() {","    console.log(colors.cyan(messages.building));","    return initSiteMap.finalSiteMap();","  }).then(function(xml) {","    return initSiteMap.xmlToFile(xml, 'sitemap.xml');","  }).then(function() {","    return console.log(colors.green(logSymbols.success, messages.alldone));","  })[\"catch\"](function(error) {","    console.log(colors.red(logSymbols.error, error));","    return process.exit(1);","  }).done(function() {","    return process.exit(0);","  });","};","","ping = function(initGhostConfig, service) {","  return initGhostConfig.ghostToMine().then(function(configration) {","    var initPings;","    console.log(colors.cyan(_.template(messages.pinging, {","      service: service","    })));","    initPings = new Ping(configration);","    return initPings.pingServer(service);","  }).then(function(success) {","    return _.map(success, function(val) {","      if (val.status === 200) {","        return console.log(colors.green(logSymbols.success, _.template(messages.ping_success, {","          file: val.file,","          service: service","        })));","      } else {","        return console.log(colors.red(logSymbols.error, _.template(messages.ping_error, {","          file: val.file,","          service: service,","          status_code: val.status","        })));","      }","    });","  })[\"catch\"](function(error) {","    console.log(colors.red(logSymbols.error, error));","    return process.exit(1);","  });","};","","if (commands.init) {","  init();","} else {","  jf.readFile('sitemapfile.json', function(err, obj) {","    var initGhostConfig, ping_to;","    if (err) {","      console.log(colors.red(logSymbols.error, messages.config_not_found));","    } else {","      mkdirp.sync(obj.output_dir);","      initGhostConfig = new Ghost(obj);","      if (commands.generate) {","        generate(initGhostConfig);","      }","      if (commands.ping) {","        if (commands.ping === 'all') {","          ping_to = ['google', 'bing'];","        } else {","          ping_to = commands.ping.split(',');","        }","        return _.each(ping_to, function(to) {","          return ping(initGhostConfig, to);","        });","      }","    }","  });","}",""],"l":{"3":1,"5":1,"7":1,"9":1,"11":1,"13":1,"15":1,"17":1,"19":1,"21":1,"23":1,"25":1,"27":1,"29":1,"31":1,"33":1,"35":1,"37":1,"39":1,"41":1,"42":0,"43":0,"44":0,"45":0,"46":0,"48":0,"65":0,"66":0,"67":0,"68":0,"70":0,"71":0,"78":1,"79":0,"80":0,"81":0,"82":0,"85":0,"87":0,"89":0,"90":0,"91":0,"92":0,"97":0,"101":0,"103":0,"104":0,"109":0,"111":0,"114":0,"117":0,"119":0,"120":0,"121":0,"122":0,"127":0,"131":0,"133":0,"134":0,"139":0,"141":0,"144":0,"147":0,"149":0,"150":0,"151":0,"152":0,"157":0,"161":0,"163":0,"164":0,"169":0,"171":0,"172":0,"174":0,"176":0,"178":0,"179":0,"181":0,"185":1,"186":0,"187":0,"188":0,"191":0,"192":0,"194":0,"195":0,"196":0,"201":0,"209":0,"210":0,"214":1,"215":0,"217":1,"218":1,"219":1,"220":1,"222":0,"223":0,"224":0,"225":0,"227":0,"228":0,"229":0,"231":0,"233":0,"234":0}},"/home/travis/build/npmtest/node-npmtest-ghost-sitemap/node_modules/ghost-sitemap/lib/sitemap.js":{"path":"/home/travis/build/npmtest/node-npmtest-ghost-sitemap/node_modules/ghost-sitemap/lib/sitemap.js","s":{"1":1,"2":1,"3":1,"4":1,"5":1,"6":1,"7":1,"8":1,"9":1,"10":0,"11":0,"12":0,"13":0,"14":0,"15":1,"16":0,"17":0,"18":0,"19":0,"20":0,"21":0,"22":0,"23":1,"24":0,"25":0,"26":0,"27":0,"28":0,"29":0,"30":0,"31":0,"32":0,"33":0,"34":0,"35":0,"36":0,"37":0,"38":0,"39":0,"40":0,"41":0,"42":0,"43":0,"44":0,"45":0,"46":0,"47":0,"48":1,"49":0,"50":0,"51":0,"52":0,"53":0,"54":0,"55":0,"56":0,"57":0,"58":0,"59":1,"60":0,"61":0,"62":0,"63":0,"64":0,"65":0,"66":0,"67":0,"68":0,"69":0,"70":1,"71":0,"72":0,"73":0,"74":0,"75":0,"76":0,"77":0,"78":0,"79":0,"80":0,"81":0,"82":0,"83":0,"84":0,"85":0,"86":0,"87":1,"88":0,"89":0,"90":0,"91":0,"92":0,"93":0,"94":0,"95":0,"96":0,"97":0,"98":0,"99":0,"100":0,"101":0,"102":0,"103":0,"104":1,"105":0,"106":0,"107":0,"108":0,"109":0,"110":0,"111":0,"112":0,"113":0,"114":0,"115":0,"116":0,"117":0,"118":0,"119":0,"120":0,"121":0,"122":0,"123":1,"124":1},"b":{"1":[0,0],"2":[0,0],"3":[0,0],"4":[0,0],"5":[0,0],"6":[0,0],"7":[0,0],"8":[0,0],"9":[0,0],"10":[0,0],"11":[0,0],"12":[0,0]},"f":{"1":1,"2":0,"3":0,"4":0,"5":0,"6":0,"7":0,"8":0,"9":0,"10":0,"11":0,"12":0,"13":0,"14":0,"15":0,"16":0,"17":0,"18":0,"19":0,"20":0,"21":0,"22":0,"23":0,"24":0,"25":0,"26":0,"27":0,"28":0,"29":0},"fnMap":{"1":{"name":"(anonymous_1)","line":15,"loc":{"start":{"line":15,"column":11},"end":{"line":15,"column":22}}},"2":{"name":"SiteMap","line":16,"loc":{"start":{"line":16,"column":2},"end":{"line":16,"column":27}}},"3":{"name":"(anonymous_3)","line":24,"loc":{"start":{"line":24,"column":35},"end":{"line":24,"column":46}}},"4":{"name":"(anonymous_4)","line":27,"loc":{"start":{"line":27,"column":48},"end":{"line":27,"column":59}}},"5":{"name":"(anonymous_5)","line":29,"loc":{"start":{"line":29,"column":12},"end":{"line":29,"column":32}}},"6":{"name":"(anonymous_6)","line":31,"loc":{"start":{"line":31,"column":16},"end":{"line":31,"column":30}}},"7":{"name":"(anonymous_7)","line":37,"loc":{"start":{"line":37,"column":31},"end":{"line":37,"column":51}}},"8":{"name":"(anonymous_8)","line":43,"loc":{"start":{"line":43,"column":60},"end":{"line":43,"column":71}}},"9":{"name":"(anonymous_9)","line":45,"loc":{"start":{"line":45,"column":12},"end":{"line":45,"column":28}}},"10":{"name":"(anonymous_10)","line":47,"loc":{"start":{"line":47,"column":36},"end":{"line":47,"column":51}}},"11":{"name":"(anonymous_11)","line":60,"loc":{"start":{"line":60,"column":56},"end":{"line":60,"column":74}}},"12":{"name":"(anonymous_12)","line":74,"loc":{"start":{"line":74,"column":16},"end":{"line":74,"column":30}}},"13":{"name":"(anonymous_13)","line":80,"loc":{"start":{"line":80,"column":31},"end":{"line":80,"column":42}}},"14":{"name":"(anonymous_14)","line":86,"loc":{"start":{"line":86,"column":60},"end":{"line":86,"column":71}}},"15":{"name":"(anonymous_15)","line":88,"loc":{"start":{"line":88,"column":12},"end":{"line":88,"column":28}}},"16":{"name":"(anonymous_16)","line":94,"loc":{"start":{"line":94,"column":16},"end":{"line":94,"column":30}}},"17":{"name":"(anonymous_17)","line":100,"loc":{"start":{"line":100,"column":30},"end":{"line":100,"column":41}}},"18":{"name":"(anonymous_18)","line":106,"loc":{"start":{"line":106,"column":66},"end":{"line":106,"column":77}}},"19":{"name":"(anonymous_19)","line":108,"loc":{"start":{"line":108,"column":12},"end":{"line":108,"column":27}}},"20":{"name":"(anonymous_20)","line":114,"loc":{"start":{"line":114,"column":16},"end":{"line":114,"column":30}}},"21":{"name":"(anonymous_21)","line":120,"loc":{"start":{"line":120,"column":34},"end":{"line":120,"column":65}}},"22":{"name":"(anonymous_22)","line":144,"loc":{"start":{"line":144,"column":20},"end":{"line":144,"column":34}}},"23":{"name":"(anonymous_23)","line":153,"loc":{"start":{"line":153,"column":32},"end":{"line":153,"column":52}}},"24":{"name":"(anonymous_24)","line":158,"loc":{"start":{"line":158,"column":35},"end":{"line":158,"column":49}}},"25":{"name":"(anonymous_25)","line":166,"loc":{"start":{"line":166,"column":27},"end":{"line":166,"column":44}}},"26":{"name":"(anonymous_26)","line":168,"loc":{"start":{"line":168,"column":38},"end":{"line":168,"column":52}}},"27":{"name":"(anonymous_27)","line":183,"loc":{"start":{"line":183,"column":35},"end":{"line":183,"column":46}}},"28":{"name":"(anonymous_28)","line":189,"loc":{"start":{"line":189,"column":26},"end":{"line":189,"column":47}}},"29":{"name":"(anonymous_29)","line":208,"loc":{"start":{"line":208,"column":29},"end":{"line":208,"column":43}}}},"statementMap":{"1":{"start":{"line":1,"column":0},"end":{"line":1,"column":38}},"2":{"start":{"line":3,"column":0},"end":{"line":3,"column":23}},"3":{"start":{"line":5,"column":0},"end":{"line":5,"column":17}},"4":{"start":{"line":7,"column":0},"end":{"line":7,"column":19}},"5":{"start":{"line":9,"column":0},"end":{"line":9,"column":22}},"6":{"start":{"line":11,"column":0},"end":{"line":11,"column":24}},"7":{"start":{"line":13,"column":0},"end":{"line":13,"column":23}},"8":{"start":{"line":15,"column":0},"end":{"line":220,"column":5}},"9":{"start":{"line":16,"column":2},"end":{"line":22,"column":3}},"10":{"start":{"line":17,"column":4},"end":{"line":17,"column":19}},"11":{"start":{"line":18,"column":4},"end":{"line":18,"column":25}},"12":{"start":{"line":19,"column":4},"end":{"line":19,"column":38}},"13":{"start":{"line":20,"column":4},"end":{"line":20,"column":35}},"14":{"start":{"line":21,"column":4},"end":{"line":21,"column":28}},"15":{"start":{"line":24,"column":2},"end":{"line":35,"column":4}},"16":{"start":{"line":25,"column":4},"end":{"line":25,"column":14}},"17":{"start":{"line":26,"column":4},"end":{"line":26,"column":22}},"18":{"start":{"line":27,"column":4},"end":{"line":33,"column":7}},"19":{"start":{"line":28,"column":6},"end":{"line":28,"column":38}},"20":{"start":{"line":30,"column":6},"end":{"line":30,"column":31}},"21":{"start":{"line":32,"column":6},"end":{"line":32,"column":24}},"22":{"start":{"line":34,"column":4},"end":{"line":34,"column":25}},"23":{"start":{"line":37,"column":2},"end":{"line":78,"column":4}},"24":{"start":{"line":38,"column":4},"end":{"line":38,"column":21}},"25":{"start":{"line":39,"column":4},"end":{"line":39,"column":22}},"26":{"start":{"line":40,"column":4},"end":{"line":42,"column":6}},"27":{"start":{"line":43,"column":4},"end":{"line":76,"column":7}},"28":{"start":{"line":44,"column":6},"end":{"line":44,"column":57}},"29":{"start":{"line":46,"column":6},"end":{"line":46,"column":25}},"30":{"start":{"line":47,"column":6},"end":{"line":68,"column":9}},"31":{"start":{"line":48,"column":8},"end":{"line":48,"column":63}},"32":{"start":{"line":49,"column":8},"end":{"line":49,"column":43}},"33":{"start":{"line":50,"column":8},"end":{"line":50,"column":34}},"34":{"start":{"line":51,"column":8},"end":{"line":51,"column":32}},"35":{"start":{"line":52,"column":8},"end":{"line":52,"column":28}},"36":{"start":{"line":53,"column":8},"end":{"line":58,"column":10}},"37":{"start":{"line":59,"column":8},"end":{"line":59,"column":61}},"38":{"start":{"line":60,"column":8},"end":{"line":62,"column":11}},"39":{"start":{"line":61,"column":10},"end":{"line":61,"column":58}},"40":{"start":{"line":63,"column":8},"end":{"line":67,"column":9}},"41":{"start":{"line":64,"column":10},"end":{"line
[...]
"column":4}}]},"6":{"line":126,"type":"if","locations":[{"start":{"line":126,"column":6},"end":{"line":126,"column":6}},{"start":{"line":126,"column":6},"end":{"line":126,"column":6}}]},"7":{"line":157,"type":"if","locations":[{"start":{"line":157,"column":4},"end":{"line":157,"column":4}},{"start":{"line":157,"column":4},"end":{"line":157,"column":4}}]},"8":{"line":159,"type":"if","locations":[{"start":{"line":159,"column":8},"end":{"line":159,"column":8}},{"start":{"line":159,"column":8},"end":{"line":159,"column":8}}]},"9":{"line":167,"type":"if","locations":[{"start":{"line":167,"column":8},"end":{"line":167,"column":8}},{"start":{"line":167,"column":8},"end":{"line":167,"column":8}}]},"10":{"line":169,"type":"if","locations":[{"start":{"line":169,"column":12},"end":{"line":169,"column":12}},{"start":{"line":169,"column":12},"end":{"line":169,"column":12}}]},"11":{"line":191,"type":"if","locations":[{"start":{"line":191,"column":6},"end":{"line":191,"column":6}},{"start":{"line":191,"column":6},"end":{"line":191,"column":6}}]},"12":{"line":195,"type":"if","locations":[{"start":{"line":195,"column":10},"end":{"line":195,"column":10}},{"start":{"line":195,"column":10},"end":{"line":195,"column":10}}]}},"code":["var SiteMap, fs, knex, path, q, sm, _;","","knex = require('knex');","","q = require('q');","","fs = require('fs');","","_ = require('lodash');","","sm = require('sitemap');","","path = require('path');","","SiteMap = (function() {","  function SiteMap(config) {","    var connection;","    this.config = config;","    connection = this.config.database;","    this.baseUrl = this.config.url;","    knex = knex(connection);","  }","","  SiteMap.prototype.getPermalink = function() {","    var defer;","    defer = q.defer();","    knex.select('value').from('settings').where(function() {","      this.where('key', 'permalinks');","    }).then(function(permalink) {","      defer.resolve(permalink);","    })[\"catch\"](function(err) {","      defer.reject(err);","    });","    return defer.promise;","  };","","  SiteMap.prototype.getPosts = function(permalink) {","    var defer, error;","    defer = q.defer();","    error = {","      error: 'No posts found'","    };","    knex.select('slug', 'published_at').from('posts').where(function() {","      this.where('status', 'published').where('page', 0);","    }).then(function(posts) {","      var filtered_posts;","      filtered_posts = _.map(posts, function(item) {","        var date, day, mapObj, month, re, slug_to_return, year;","        date = new Date(item.published_at);","        year = date.getFullYear();","        month = date.getMonth();","        day = date.getDay();","        mapObj = {","          '/:year': year,","          '/:month': month,","          '/:day': day,","          '/:slug/': item.slug","        };","        re = new RegExp(Object.keys(mapObj).join(\"|\"), \"gi\");","        slug_to_return = permalink[0].value.replace(re, function(matched) {","          return \"\" + mapObj[matched.toLowerCase()] + \"/\";","        });","        if (slug_to_return.substr(-1) === '/') {","          item.slug = slug_to_return.substr(0, slug_to_return.length - 1);","        } else {","          item.slug = slug_to_return;","        }","      });","      if (posts) {","        defer.resolve(posts);","      } else {","        defer.reject(error);","      }","    })[\"catch\"](function(err) {","      defer.reject(error);","    });","    return defer.promise;","  };","","  SiteMap.prototype.getPages = function() {","    var defer, error;","    defer = q.defer();","    error = {","      error: 'No pages found'","    };","    knex.select('slug', 'published_at').from('posts').where(function() {","      this.where('status', 'published').where('page', 1);","    }).then(function(posts) {","      if (posts) {","        defer.resolve(posts);","      } else {","        defer.reject(error);","      }","    })[\"catch\"](function(err) {","      defer.reject(error);","    });","    return defer.promise;","  };","","  SiteMap.prototype.getTags = function() {","    var defer, error;","    defer = q.defer();","    error = {","      error: 'No tags found'","    };","    knex.select('tags.slug').from('tags').innerJoin('posts_tags', function() {","      this.on('tags.id', '=', 'posts_tags.tag_id');","    }).then(function(tags) {","      if (tags) {","        defer.resolve(tags);","      } else {","        defer.reject(error);","      }","    })[\"catch\"](function(err) {","      defer.resolve(error);","    });","    return defer.promise;","  };","","  SiteMap.prototype.objectToXML = function(object, type, prefix) {","    var baseUrl, defer, key, params, sitemap, urls, value;","    urls = [];","    defer = q.defer();","    params = this.config[type];","    if (_.size(object) > 0) {","      if (prefix) {","        baseUrl = \"\" + this.baseUrl + \"/\" + prefix + \"/\";","      } else {","        baseUrl = \"\" + this.baseUrl + \"/\";","      }","      for (key in object) {","        value = object[key];","        urls.push({","          url: value.slug,","          changefreq: params.frequency,","          priority: params.priority","        });","      }","      sitemap = sm.createSitemap({","        hostname: baseUrl,","        cacheTime: 600000,","        urls: urls","      });","      sitemap.toXML(function(xml) {","        return defer.resolve(xml);","      });","    } else {","      defer.resolve(\"bypass\");","    }","    return defer.promise;","  };","","  SiteMap.prototype.xmlToFile = function(xml, name) {","    var defer, innerPath;","    defer = q.defer();","    innerPath = path.join(process.cwd(), \"\" + this.config.output_dir + \"/\" + name);","    if (xml !== \"bypass\") {","      fs.writeFile(innerPath, xml, function(err) {","        if (err) {","          defer.reject(err);","        } else {","          defer.resolve(\"created file \" + path);","        }","      });","    } else {","      fs.exists(innerPath, function(exists) {","        if (exists) {","          return fs.unlink(innerPath, function(err) {","            if (err) {","              defer.reject(err);","            } else {","              defer.resolve(\"created file \" + path);","            }","          });","        } else {","          defer.resolve(\"bypass\");","        }","      });","    }","    return defer.promise;","  };","","  SiteMap.prototype.finalSiteMap = function() {","    var baseUrl, defer, dir, innerPath;","    defer = q.defer();","    innerPath = path.join(process.cwd(), this.config.output_dir + \"/\");","    dir = this.config.output_dir;","    baseUrl = this.baseUrl;","    fs.readdir(innerPath, function(err, files) {","      var file, sitemap, urls, _i, _len;","      if (files) {","        urls = [];","        for (_i = 0, _len = files.length; _i < _len; _i++) {","          file = files[_i];","          if (file !== 'sitemap.xml') {","            urls.push({","              url: \"/\" + dir + \"/\" + file,","              changefreq: 'monthly',","              priority: '0.7'","            });","          }","        }","        sitemap = sm.createSitemap({","          hostname: baseUrl,","          cacheTime: 600000,","          urls: urls","        });","        return sitemap.toXML(function(xml) {","          return defer.resolve(xml);","        });","      } else {","        return defer.reject(err);","      }","    });","    return defer.promise;","  };","","  return SiteMap;","","})();","","module.exports = SiteMap;",""],"l":{"1":1,"3":1,"5":1,"7":1,"9":1,"11":1,"13":1,"15":1,"16":1,"17":0,"18":0,"19":0,"20":0,"21":0,"24":1,"25":0,"26":0,"27":0,"28":0,"30":0,"32":0,"34":0,"37":1,"38":0,"39":0,"40":0,"43":0,"44":0,"46":0,"47":0,"48":0,"49":0,"50":0,"51":0,"52":0,"53":0,"59":0,"60":0,"61":0,"63":0,"64":0,"66":0,"69":0,"70":0,"72":0,"75":0,"77":0,"80":1,"81":0,"82":0,"83":0,"86":0,"87":0,"89":0,"90":0,"92":0,"95":0,"97":0,"100":1,"101":0,"102":0,"103":0,"106":0,"107":0,"109":0,"110":0,"112":0,"115":0,"117":0,"120":1,"121":0,"122":0,"123":0,"124":0,"125":0,"126":0,"127":0,"129":0,"131":0,"132":0,"133":0,"139":0,"144":0,"145":0,"148":0,"150":0,"153":1,"154":0,"155":0,"156":0,"157":0,"158":0,"159":0,"160":0,"162":0,"166":0,"167":0,"168":0,"169":0,"170":0,"172":0,"176":0,"180":0,"183":1,"184":0,"185":0,"186":0,"187":0,"188":0,"189":0,"190":0,"191":0,"192":0,"193":0,"194":0,"195":0,"196":0,"203":0,"208":0,"209":0,"212":0,"215":0,"218":1,"222":1}},"/home/travis/build/npmtest/node-npmtest-ghost-sitemap/node_modules/ghost-sitemap/lib/ghost.js":{"path":"/home/travis/build/npmtest/node-npmtest-ghost-sitemap/node_modules/ghost-sitemap/lib/ghost.js","s":{"1":1,"2":1,"3":1,"4":1,"5":1,"6":1,"7":1,"8":1,"9":1,"10":0,"11":0,"12":0,"13":0,"14":0,"15":0,"16":0,"17":0,"18":0,"19":1,"20":0,"21":0,"22":0,"23":0,"24":1,"25":1},"b":{},"f":{"1":1,"2":0,"3":0},"fnMap":{"1":{"name":"(anonymous_1)","line":15,"loc":{"start":{"line":15,"column":15},"end":{"line":15,"column":26}}},"2":{"name":"GhostConfig","line":16,"loc":{"start":{"line":16,"column":2},"end":{"line":16,"column":28}}},"3":{"name":"(anonymous_3)","line":30,"loc":{"start":{"line":30,"column":38},"end":{"line":30,"column":49}}}},"statementMap":{"1":{"start":{"line":1,"column":0},"end":{"line":1,"column":50}},"2":{"start":{"line":3,"column":0},"end":{"line":3,"column":19}},"3":{"start":{"line":5,"column":0},"end":{"line":5,"column":17}},"4":{"start":{"line":7,"column":0},"end":{"line":7,"column":22}},"5":{"start":{"line":9,"column":0},"end":{"line":9,"column":34}},"6":{"start":{"line":11,"column":0},"end":{"line":11,"column":27}},"7":{"start":{"line":13,"column":0},"end":{"line":13,"column":23}},"8":{"start":{"line":15,"column":0},"end":{"line":39,"column":5}},"9":{"start":{"line":16,"column":2},"end":{"line":28,"column":3}},"10":{"start":{"line":17,"column":4},"end":{"line":17,"column":10}},"11":{"start":{"line":18,"column":4},"end":{"line":18,"column":19}},"12":{"start":{"line":19,"column":4},"end":{"line":19,"column":69}},"13":{"start":{"line":20,"column":4},"end":{"line":20,"column":28}},"14":{"start":{"line":21,"column":4},"end":{"line":27,"column":5}},"15":{"start":{"line":22,"column":6},"end":{"line":22,"column":44}},"16":{"start":{"line":24,"column":6},"end":{"line":24,"column":17}},"17":{"start":{"line":25,"column":6},"end":{"line":25,"column":92}},"18":{"start":{"line":26,"column":6},"end":{"line":26,"column":22}},"19":{"start":{"line":30,"column":2},"end":{"line":35,"column":4}},"20":{"start":{"line":31,"column":4},"end":{"line":31,"column":14}},"21":{"start":{"line":32,"column":4},"end":{"line":32,"column":22}},"22":{"start":{"line":33,"column":4},"end":{"line":33,"column":66}},"23":{"start":{"line":34,"column":4},"end":{"line":34,"column":25}},"24":{"start":{"line":37,"column":2},"end":{"line":37,"column":21}},"25":{"start":{"line":41,"column":0},"end":{"line":41,"column":29}}},"branchMap":{},"code":["var GhostConfig, colors, fs, messages, path, q, _;","","fs = require('fs');","","q = require('q');","","_ = require('lodash');","","messages = require('../messages');","","colors = require('colors');","","path = require('path');","","GhostConfig = (function() {","  function GhostConfig(obj) {","    var e;","    this.obj = obj;","    this.path = path.join(process.cwd(), this.obj.ghost_config_path);","    this.env = this.obj.env;","    try {","      this.ghostConfig = require(this.path);","    } catch (_error) {","      e = _error;","      console.log(colors.red(messages.ghost_config_not_found.replace('%path%', this.path)));","      process.exit(1);","    }","  }","","  GhostConfig.prototype.ghostToMine = function() {","    var defer;","    defer = q.defer();","    defer.resolve(_.assign(this.ghostConfig[this.env], this.obj));","    return defer.promise;","  };","","  return GhostConfig;","","})();","","module.exports = GhostConfig;",""],"l":{"1":1,"3":1,"5":1,"7":1,"9":1,"11":1,"13":1,"15":1,"16":1,"17":0,"18":0,"19":0,"20":0,"21":0,"22":0,"24":0,"25":0,"26":0,"30":1,"31":0,"32":0,"33":0,"34":0,"37":1,"41":1}},"/home/travis/build/npmtest/node-npmtest-ghost-sitemap/node_modules/ghost-sitemap/messages.js":{"path":"/home/travis/build/npmtest/node-npmtest-ghost-sitemap/node_modules/ghost-sitemap/messages.js","s":{"1":1,"2":1,"3":1},"b":{},"f":{},"fnMap":{},"statementMap":{"1":{"start":{"line":1,"column":0},"end":{"line":1,"column":13}},"2":{"start":{"line":3,"column":0},"end":{"line":20,"column":2}},"3":{"start":{"line":22,"column":0},"end":{"line":22,"column":26}}},"branchMap":{},"code":["var Messages;","","Messages = {","  config_not_found: \"Unable to locate sitemapfile.json , run 'ghost-sitemap init' to create one now\",","  ghost_config_not_found: \"Unable to find ghost config file '%path%' , recheck and update your sitemapfile.json file\",","  init: \"Started creating sitemap.....\",","  fetching: \"Fetching <%= type%> ....\",","  fetched: \"Converted <%= counts%> <%= type%> to xml\",","  writing: \"Writing <%= type%> to <%= file %> ...\",","  not_found: \"No <%= type %> found\",","  written: \"Done writing <%= file %>\",","  building: \"Building final sitemap...\",","  alldone: \"all sitemaps have been created\",","  not_inside_root: \"You are not inside the root directory of ghost\",","  not_writable: \"Unable to create sitemapfile.json\",","  writable: \"sitemapfile.json created with following config\",","  pinging: \"Submitting sitemaps to <%= service %>...\",","  ping_success: \"Submitted <%= file %> to <%= service %>\",","  ping_error: \"Error submitting <%= file %> to <%= service %> with <%= status_code %> status code\"","};","","module.exports = Messages;",""],"l":{"1":1,"3":1,"22":1}},"/home/travis/build/npmtest/node-npmtest-ghost-sitemap/node_modules/ghost-sitemap/lib/ping.js":{"path":"/home/travis/build/npmtest/node-npmtest-ghost-sitemap/node_modules/ghost-sitemap/lib/ping.js","s":{"1":1,"2":1,"3":1,"4":1,"5":1,"6":1,"7":1,"8":1,"9":0,"10":0,"11":0,"12":1,"13":0,"14":0,"15":0,"16":0,"17":0,"18":0,"19":0,"20":0,"21":0,"22":0,"23":0,"24":0,"25":0,"26":0,"27":0,"28":0,"29":0,"30":0,"31":0,"32":0,"33":0,"34":0,"35":1,"36":1},"b":{"1":[0,0],"2":[0,0],"3":[0,0],"4":[0,0]},"f":{"1":1,"2":0,"3":0,"4":0,"5":0,"6":0,"7":0},"fnMap":{"1":{"name":"(anonymous_1)","line":13,"loc":{"start":{"line":13,"column":8},"end":{"line":13,"column":19}}},"2":{"name":"Ping","line":14,"loc":{"start":{"line":14,"column":2},"end":{"line":14,"column":24}}},"3":{"name":"(anonymous_3)","line":20,"loc":{"start":{"line":20,"column":30},"end":{"line":20,"column":48}}},"4":{"name":"(anonymous_4)","line":29,"loc":{"start":{"line":29,"column":18},"end":{"line":29,"column":43}}},"5":{"name":"(anonymous_5)","line":33,"loc":{"start":{"line":33,"column":19},"end":{"line":33,"column":49}}},"6":{"name":"(anonymous_6)","line":41,"loc":{"start":{"line":41,"column":26},"end":{"line":41,"column":47}}},"7":{"name":"(anonymous_7)","line":43,"loc":{"start":{"line":43,"column":38},"end":{"line":43,"column":63}}}},"statementMap":{"1":{"start":{"line":1,"column":0},"end":{"line":1,"column":38}},"2":{"start":{"line":3,"column":0},"end":{"line":3,"column":17}},"3":{"start":{"line":5,"column":0},"end":{"line":5,"column":29}},"4":{"start":{"line":7,"column":0},"end":{"line":7,"column":25}},"5":{"start":{"line":9,"column":0},"end":{"line":9,"column":23}},"6":{"start":{"line":11,"column":0},"end":{"line":11,"column":19}},"7":{"start":{"line":13,"column":0},"end":{"line":59,"column":5}},"8":{"start":{"line":14,"column":2},"end":{"line":18,"column":3}},"9":{"start":{"line":15,"column":4},"end":{"line":15,"column":25}},"10":{"start":{"line":16,"column":4},"end":{"line":16,"column":35}},"11":{"start":{"line":17,"column":4},"end":{"line":17,"column":11}},"12":{"start":{"line":20,"column":2},"end":{"line":55,"column":4}},"13":{"start":{"line":21,"column":4},"end":{"line":21,"column":58}},"14":{"start":{"line":22,"column":4},"end":{"line":22,"column":22}},"15":{"start":{"line":23,"column":4},"end":{"line":27,"column":5}},"16":{"start":{"line":24,"column":6},"end":{"line":24,"column":77}},"17":{"start":{"line":25,"column":11},"end":{"line":27,"column":5}},"18":{"start":{"line":26,"column":6},"end":{"line":26,"column":70}},"19":{"start":{"line":28,"column":4},"end":{"line":28,"column":62}},"20":{"start":{"line":29,"column":4},"end":{"line":39,"column":6}},"21":{"start":{"line":30,"column":6},"end":{"line":30,"column":23}},"22":{"start":{"line":31,"column":6},"end":{"line":31,"column":41}},"23":{"start":{"line":32,"column":6},"end":{"line":32,"column":38}},"24":{"start":{"line":33,"column":6},"end":{"line":38,"column":9}},"25":{"start":{"line":34,"column":8},"end":{"line":37,"column":11}},"26":{"start":{"line":40,"column":4},"end":{"line":40,"column":71}},"27":{"start":{"line":41,"column":4},"end":{"line":53,"column":7}},"28":{"start":{"line":42,"column":6},"end":{"line":52,"column":7}},"29":{"start":{"line":43,"column":8},"end":{"line":49,"column":11}},"30":{"start":{"line":44,"column":10},"end":{"line":48,"column":11}},"31":{"start":{"line":45,"column":12},"end":{"line":45,"column":39}},"32":{"start":{"line":47,"column":12},"end":{"line":47,"column":42}},"33":{"start":{"line":51,"column":8},"end":{"line":51,"column":33}},"34":{"start":{"line":54,"column":4},"end":{"line":54,"column":25}},"35":{"start":{"line":57,"column":2},"end":{"line":57,"column":14}},"36":{"start":{"line":61,"column":0},"end":{"line":61,"column":22}}},"branchMap":{"1":{"line":23,"type":"if","locations":[{"start":{"line":23,"column":4},"end":{"line":23,"column":4}},{"start":{"line":23,"column":4},"end":{"line":23,"column":4}}]},"2":{"line":25,"type":"if","locations":[{"start":{"line":25,"column":11},"end":{"line":25,"column":11}},{"start":{"line":25,"column":11},"end":{"line":25,"column":11}}]},"3":{"line":42,"type":"if","locations":[{"start":{"line":42,"column":6},"end":{"line":42,"column":6}},{"start":{"line":42,"column":6},"end":{"line":42,"column":6}}]},"4":{"line":44,"type":"if","locations":[{"start":{"line":44,"column":10},"end":{"line":44,"column":10}},{"start":{"line":44,"column":10},"end":{"line":44,"column":10}}]}},"code":["var Ping, async, fs, path, q, request;","","q = require('q');","","request = require('request');","","async = require('async');","","path = require('path');","","fs = require('fs');","","Ping = (function() {","  function Ping(config) {","    this.config = config;","    this.baseUrl = this.config.url;","    return;","  }","","  Ping.prototype.pingServer = function(service) {","    var defer, innerPath, makeRequest, prefix, serviceUrl;","    defer = q.defer();","    if (service === 'google') {","      serviceUrl = \"http://www.google.com/webmasters/sitemaps/ping?sitemap=\";","    } else if (service === 'bing') {","      serviceUrl = \"http://www.bing.com/webmaster/ping.aspx?siteMap=\";","    }","    prefix = \"\" + this.baseUrl + \"/\" + this.config.output_dir;","    makeRequest = function(file, callback) {","      var postfix, url;","      postfix = \"\" + prefix + \"/\" + file;","      url = \"\" + serviceUrl + postfix;","      request(url, function(err, response, body) {","        return callback(null, {","          status: response.statusCode,","          file: postfix","        });","      });","    };","    innerPath = path.join(process.cwd(), this.config.output_dir + \"/\");","    fs.readdir(innerPath, function(err, files) {","      if (files) {","        async.map(files, makeRequest, function(error, results) {","          if (error) {","            return defer.reject(error);","          } else {","            return defer.resolve(results);","          }","        });","      } else {","        return defer.reject(err);","      }","    });","    return defer.promise;","  };","","  return Ping;","","})();","","module.exports = Ping;",""],"l":{"1":1,"3":1,"5":1,"7":1,"9":1,"11":1,"13":1,"14":1,"15":0,"16":0,"17":0,"20":1,"21":0,"22":0,"23":0,"24":0,"25":0,"26":0,"28":0,"29":0,"30":0,"31":0,"32":0,"33":0,"34":0,"40":0,"41":0,"42":0,"43":0,"44":0,"45":0,"47":0,"51":0,"54":0,"57":1,"61":1}}}